{"C:\\BTNGAI_files\\btng-api\\app\\api\\auth\\login\\route.ts": {"path":"C:\\BTNGAI_files\\btng-api\\app\\api\\auth\\login\\route.ts","statementMap":{"0":{"start":{"line":7,"column":0},"end":{"line":7,"column":7}},"1":{"start":{"line":1,"column":0},"end":{"line":1,"column":56}},"2":{"start":{"line":2,"column":0},"end":{"line":2,"column":31}},"3":{"start":{"line":5,"column":19},"end":{"line":5,"column":85}},"4":{"start":{"line":8,"column":2},"end":{"line":58,"column":3}},"5":{"start":{"line":9,"column":17},"end":{"line":9,"column":37}},"6":{"start":{"line":10,"column":35},"end":{"line":10,"column":39}},"7":{"start":{"line":15,"column":4},"end":{"line":20,"column":5}},"8":{"start":{"line":16,"column":6},"end":{"line":19,"column":8}},"9":{"start":{"line":23,"column":20},"end":{"line":29,"column":6}},"10":{"start":{"line":32,"column":18},"end":{"line":34,"column":6}},"11":{"start":{"line":36,"column":4},"end":{"line":50,"column":7}},"12":{"start":{"line":53,"column":4},"end":{"line":53,"column":54}},"13":{"start":{"line":54,"column":4},"end":{"line":57,"column":6}}},"fnMap":{"0":{"name":"POST","decl":{"start":{"line":7,"column":22},"end":{"line":7,"column":26}},"loc":{"start":{"line":7,"column":47},"end":{"line":59,"column":1}}}},"branchMap":{"0":{"loc":{"start":{"line":5,"column":19},"end":{"line":5,"column":85}},"type":"binary-expr","locations":[{"start":{"line":5,"column":19},"end":{"line":5,"column":41}},{"start":{"line":5,"column":45},"end":{"line":5,"column":85}}]},"1":{"loc":{"start":{"line":15,"column":4},"end":{"line":20,"column":5}},"type":"if","locations":[{"start":{"line":15,"column":4},"end":{"line":20,"column":5}},{"start":{},"end":{}}]},"2":{"loc":{"start":{"line":15,"column":8},"end":{"line":15,"column":30}},"type":"binary-expr","locations":[{"start":{"line":15,"column":8},"end":{"line":15,"column":17}},{"start":{"line":15,"column":21},"end":{"line":15,"column":30}}]}},"s":{"0":0,"1":0,"2":0,"3":0,"4":0,"5":0,"6":0,"7":0,"8":0,"9":0,"10":0,"11":0,"12":0,"13":0},"f":{"0":0},"b":{"0":[0,0],"1":[0,0],"2":[0,0]}}
,"C:\\BTNGAI_files\\btng-api\\app\\api\\btng\\bridge\\settle\\route.ts": {"path":"C:\\BTNGAI_files\\btng-api\\app\\api\\btng\\bridge\\settle\\route.ts","statementMap":{"0":{"start":{"line":1,"column":0},"end":{"line":1,"column":56}},"1":{"start":{"line":2,"column":0},"end":{"line":2,"column":45}},"2":{"start":{"line":3,"column":0},"end":{"line":3,"column":46}},"3":{"start":{"line":4,"column":0},"end":{"line":4,"column":54}},"4":{"start":{"line":5,"column":0},"end":{"line":5,"column":60}},"5":{"start":{"line":22,"column":4},"end":{"line":122,"column":5}},"6":{"start":{"line":23,"column":8},"end":{"line":23,"column":34}},"7":{"start":{"line":25,"column":21},"end":{"line":25,"column":41}},"8":{"start":{"line":34,"column":12},"end":{"line":34,"column":16}},"9":{"start":{"line":37,"column":8},"end":{"line":42,"column":9}},"10":{"start":{"line":38,"column":12},"end":{"line":41,"column":14}},"11":{"start":{"line":45,"column":26},"end":{"line":45,"column":46}},"12":{"start":{"line":46,"column":8},"end":{"line":51,"column":9}},"13":{"start":{"line":47,"column":12},"end":{"line":50,"column":14}},"14":{"start":{"line":55,"column":8},"end":{"line":61,"column":9}},"15":{"start":{"line":56,"column":12},"end":{"line":56,"column":36}},"16":{"start":{"line":59,"column":33},"end":{"line":59,"column":53}},"17":{"start":{"line":60,"column":12},"end":{"line":60,"column":51}},"18":{"start":{"line":64,"column":50},"end":{"line":75,"column":10}},"19":{"start":{"line":78,"column":31},"end":{"line":81,"column":null}},"20":{"start":{"line":84,"column":8},"end":{"line":114,"column":9}},"21":{"start":{"line":85,"column":12},"end":{"line":85,"column":42}},"22":{"start":{"line":86,"column":12},"end":{"line":86,"column":68}},"23":{"start":{"line":89,"column":12},"end":{"line":89,"column":52}},"24":{"start":{"line":91,"column":12},"end":{"line":104,"column":15}},"25":{"start":{"line":106,"column":12},"end":{"line":106,"column":41}},"26":{"start":{"line":107,"column":12},"end":{"line":107,"column":52}},"27":{"start":{"line":109,"column":12},"end":{"line":113,"column":32}},"28":{"start":{"line":117,"column":8},"end":{"line":117,"column":77}},"29":{"start":{"line":118,"column":8},"end":{"line":121,"column":10}},"30":{"start":{"line":127,"column":4},"end":{"line":127,"column":57}},"31":{"start":{"line":130,"column":13},"end":{"line":130,"column":56}}},"fnMap":{"0":{"name":"handleBridgeSettlement","decl":{"start":{"line":21,"column":15},"end":{"line":21,"column":37}},"loc":{"start":{"line":21,"column":69},"end":{"line":123,"column":1}}},"1":{"name":"storeSettlementRecord","decl":{"start":{"line":125,"column":15},"end":{"line":125,"column":36}},"loc":{"start":{"line":125,"column":70},"end":{"line":128,"column":1}}}},"branchMap":{"0":{"loc":{"start":{"line":37,"column":8},"end":{"line":42,"column":9}},"type":"if","locations":[{"start":{"line":37,"column":8},"end":{"line":42,"column":9}},{"start":{},"end":{}}]},"1":{"loc":{"start":{"line":37,"column":12},"end":{"line":37,"column":64}},"type":"binary-expr","locations":[{"start":{"line":37,"column":12},"end":{"line":37,"column":25}},{"start":{"line":37,"column":29},"end":{"line":37,"column":40}},{"start":{"line":37,"column":44},"end":{"line":37,"column":51}},{"start":{"line":37,"column":55},"end":{"line":37,"column":64}}]},"2":{"loc":{"start":{"line":46,"column":8},"end":{"line":51,"column":9}},"type":"if","locations":[{"start":{"line":46,"column":8},"end":{"line":51,"column":9}},{"start":{},"end":{}}]},"3":{"loc":{"start":{"line":55,"column":8},"end":{"line":61,"column":9}},"type":"if","locations":[{"start":{"line":55,"column":8},"end":{"line":61,"column":9}},{"start":{"line":57,"column":15},"end":{"line":61,"column":9}}]},"4":{"loc":{"start":{"line":68,"column":24},"end":{"line":68,"column":47}},"type":"binary-expr","locations":[{"start":{"line":68,"column":24},"end":{"line":68,"column":34}},{"start":{"line":68,"column":38},"end":{"line":68,"column":47}}]},"5":{"loc":{"start":{"line":69,"column":22},"end":{"line":69,"column":43}},"type":"binary-expr","locations":[{"start":{"line":69,"column":22},"end":{"line":69,"column":30}},{"start":{"line":69,"column":34},"end":{"line":69,"column":43}}]},"6":{"loc":{"start":{"line":84,"column":8},"end":{"line":114,"column":9}},"type":"if","locations":[{"start":{"line":84,"column":8},"end":{"line":114,"column":9}},{"start":{"line":105,"column":15},"end":{"line":114,"column":9}}]}},"s":{"0":0,"1":0,"2":0,"3":0,"4":0,"5":0,"6":0,"7":0,"8":0,"9":0,"10":0,"11":0,"12":0,"13":0,"14":0,"15":0,"16":0,"17":0,"18":0,"19":0,"20":0,"21":0,"22":0,"23":0,"24":0,"25":0,"26":0,"27":0,"28":0,"29":0,"30":0,"31":0},"f":{"0":0,"1":0},"b":{"0":[0,0],"1":[0,0,0,0],"2":[0,0],"3":[0,0],"4":[0,0],"5":[0,0],"6":[0,0]}}
,"C:\\BTNGAI_files\\btng-api\\app\\api\\btng\\explorer\\address\\[address]\\route.ts": {"path":"C:\\BTNGAI_files\\btng-api\\app\\api\\btng\\explorer\\address\\[address]\\route.ts","statementMap":{"0":{"start":{"line":5,"column":0},"end":{"line":5,"column":7}},"1":{"start":{"line":1,"column":0},"end":{"line":1,"column":56}},"2":{"start":{"line":3,"column":22},"end":{"line":3,"column":50}},"3":{"start":{"line":9,"column":18},"end":{"line":9,"column":32}},"4":{"start":{"line":11,"column":2},"end":{"line":49,"column":3}},"5":{"start":{"line":12,"column":4},"end":{"line":17,"column":5}},"6":{"start":{"line":13,"column":6},"end":{"line":16,"column":8}},"7":{"start":{"line":19,"column":21},"end":{"line":25,"column":6}},"8":{"start":{"line":27,"column":4},"end":{"line":32,"column":5}},"9":{"start":{"line":28,"column":6},"end":{"line":31,"column":8}},"10":{"start":{"line":34,"column":17},"end":{"line":34,"column":38}},"11":{"start":{"line":35,"column":4},"end":{"line":35,"column":35}},"12":{"start":{"line":37,"column":4},"end":{"line":37,"column":49}},"13":{"start":{"line":39,"column":24},"end":{"line":44,"column":6}},"14":{"start":{"line":45,"column":4},"end":{"line":48,"column":6}}},"fnMap":{"0":{"name":"GET","decl":{"start":{"line":5,"column":22},"end":{"line":5,"column":25}},"loc":{"start":{"line":7,"column":45},"end":{"line":50,"column":1}}}},"branchMap":{"0":{"loc":{"start":{"line":12,"column":4},"end":{"line":17,"column":5}},"type":"if","locations":[{"start":{"line":12,"column":4},"end":{"line":17,"column":5}},{"start":{},"end":{}}]},"1":{"loc":{"start":{"line":12,"column":8},"end":{"line":12,"column":80}},"type":"binary-expr","locations":[{"start":{"line":12,"column":8},"end":{"line":12,"column":16}},{"start":{"line":12,"column":21},"end":{"line":12,"column":49}},{"start":{"line":12,"column":53},"end":{"line":12,"column":79}}]},"2":{"loc":{"start":{"line":27,"column":4},"end":{"line":32,"column":5}},"type":"if","locations":[{"start":{"line":27,"column":4},"end":{"line":32,"column":5}},{"start":{},"end":{}}]}},"s":{"0":0,"1":0,"2":0,"3":0,"4":0,"5":0,"6":0,"7":0,"8":0,"9":0,"10":0,"11":0,"12":0,"13":0,"14":0},"f":{"0":0},"b":{"0":[0,0],"1":[0,0,0],"2":[0,0]}}
,"C:\\BTNGAI_files\\btng-api\\app\\api\\btng\\explorer\\block\\[height]\\route.ts": {"path":"C:\\BTNGAI_files\\btng-api\\app\\api\\btng\\explorer\\block\\[height]\\route.ts","statementMap":{"0":{"start":{"line":5,"column":0},"end":{"line":5,"column":7}},"1":{"start":{"line":1,"column":0},"end":{"line":1,"column":56}},"2":{"start":{"line":3,"column":22},"end":{"line":3,"column":50}},"3":{"start":{"line":9,"column":17},"end":{"line":9,"column":40}},"4":{"start":{"line":11,"column":2},"end":{"line":50,"column":3}},"5":{"start":{"line":12,"column":4},"end":{"line":17,"column":5}},"6":{"start":{"line":13,"column":6},"end":{"line":16,"column":8}},"7":{"start":{"line":19,"column":21},"end":{"line":25,"column":6}},"8":{"start":{"line":27,"column":4},"end":{"line":32,"column":5}},"9":{"start":{"line":28,"column":6},"end":{"line":31,"column":8}},"10":{"start":{"line":34,"column":17},"end":{"line":34,"column":38}},"11":{"start":{"line":35,"column":4},"end":{"line":35,"column":35}},"12":{"start":{"line":37,"column":4},"end":{"line":37,"column":47}},"13":{"start":{"line":39,"column":22},"end":{"line":45,"column":6}},"14":{"start":{"line":46,"column":4},"end":{"line":49,"column":6}}},"fnMap":{"0":{"name":"GET","decl":{"start":{"line":5,"column":22},"end":{"line":5,"column":25}},"loc":{"start":{"line":7,"column":44},"end":{"line":51,"column":1}}}},"branchMap":{"0":{"loc":{"start":{"line":12,"column":4},"end":{"line":17,"column":5}},"type":"if","locations":[{"start":{"line":12,"column":4},"end":{"line":17,"column":5}},{"start":{},"end":{}}]},"1":{"loc":{"start":{"line":12,"column":8},"end":{"line":12,"column":35}},"type":"binary-expr","locations":[{"start":{"line":12,"column":8},"end":{"line":12,"column":21}},{"start":{"line":12,"column":25},"end":{"line":12,"column":35}}]},"2":{"loc":{"start":{"line":27,"column":4},"end":{"line":32,"column":5}},"type":"if","locations":[{"start":{"line":27,"column":4},"end":{"line":32,"column":5}},{"start":{},"end":{}}]}},"s":{"0":0,"1":0,"2":0,"3":0,"4":0,"5":0,"6":0,"7":0,"8":0,"9":0,"10":0,"11":0,"12":0,"13":0,"14":0},"f":{"0":0},"b":{"0":[0,0],"1":[0,0],"2":[0,0]}}
,"C:\\BTNGAI_files\\btng-api\\app\\api\\btng\\explorer\\tx\\[hash]\\route.ts": {"path":"C:\\BTNGAI_files\\btng-api\\app\\api\\btng\\explorer\\tx\\[hash]\\route.ts","statementMap":{"0":{"start":{"line":5,"column":0},"end":{"line":5,"column":7}},"1":{"start":{"line":1,"column":0},"end":{"line":1,"column":56}},"2":{"start":{"line":3,"column":22},"end":{"line":3,"column":50}},"3":{"start":{"line":9,"column":15},"end":{"line":9,"column":26}},"4":{"start":{"line":11,"column":2},"end":{"line":52,"column":3}},"5":{"start":{"line":12,"column":4},"end":{"line":17,"column":5}},"6":{"start":{"line":13,"column":6},"end":{"line":16,"column":8}},"7":{"start":{"line":19,"column":21},"end":{"line":25,"column":6}},"8":{"start":{"line":27,"column":4},"end":{"line":32,"column":5}},"9":{"start":{"line":28,"column":6},"end":{"line":31,"column":8}},"10":{"start":{"line":34,"column":17},"end":{"line":34,"column":38}},"11":{"start":{"line":35,"column":4},"end":{"line":35,"column":35}},"12":{"start":{"line":37,"column":4},"end":{"line":37,"column":53}},"13":{"start":{"line":39,"column":19},"end":{"line":47,"column":6}},"14":{"start":{"line":48,"column":4},"end":{"line":51,"column":6}}},"fnMap":{"0":{"name":"GET","decl":{"start":{"line":5,"column":22},"end":{"line":5,"column":25}},"loc":{"start":{"line":7,"column":42},"end":{"line":53,"column":1}}}},"branchMap":{"0":{"loc":{"start":{"line":12,"column":4},"end":{"line":17,"column":5}},"type":"if","locations":[{"start":{"line":12,"column":4},"end":{"line":17,"column":5}},{"start":{},"end":{}}]},"1":{"loc":{"start":{"line":12,"column":8},"end":{"line":12,"column":61}},"type":"binary-expr","locations":[{"start":{"line":12,"column":8},"end":{"line":12,"column":13}},{"start":{"line":12,"column":17},"end":{"line":12,"column":39}},{"start":{"line":12,"column":43},"end":{"line":12,"column":61}}]},"2":{"loc":{"start":{"line":27,"column":4},"end":{"line":32,"column":5}},"type":"if","locations":[{"start":{"line":27,"column":4},"end":{"line":32,"column":5}},{"start":{},"end":{}}]}},"s":{"0":0,"1":0,"2":0,"3":0,"4":0,"5":0,"6":0,"7":0,"8":0,"9":0,"10":0,"11":0,"12":0,"13":0,"14":0},"f":{"0":0},"b":{"0":[0,0],"1":[0,0,0],"2":[0,0]}}
,"C:\\BTNGAI_files\\btng-api\\app\\api\\btng\\fabric\\chaincode\\route.ts": {"path":"C:\\BTNGAI_files\\btng-api\\app\\api\\btng\\fabric\\chaincode\\route.ts","statementMap":{"0":{"start":{"line":23,"column":0},"end":{"line":23,"column":7}},"1":{"start":{"line":1,"column":0},"end":{"line":1,"column":56}},"2":{"start":{"line":2,"column":0},"end":{"line":2,"column":45}},"3":{"start":{"line":3,"column":0},"end":{"line":3,"column":46}},"4":{"start":{"line":5,"column":30},"end":{"line":10,"column":2}},"5":{"start":{"line":12,"column":29},"end":{"line":21,"column":2}},"6":{"start":{"line":24,"column":2},"end":{"line":57,"column":3}},"7":{"start":{"line":26,"column":4},"end":{"line":26,"column":30}},"8":{"start":{"line":28,"column":23},"end":{"line":33,"column":7}},"9":{"start":{"line":28,"column":70},"end":{"line":33,"column":6}},"10":{"start":{"line":35,"column":4},"end":{"line":46,"column":7}},"11":{"start":{"line":49,"column":4},"end":{"line":49,"column":70}},"12":{"start":{"line":50,"column":4},"end":{"line":56,"column":6}},"13":{"start":{"line":61,"column":2},"end":{"line":135,"column":3}},"14":{"start":{"line":63,"column":4},"end":{"line":63,"column":30}},"15":{"start":{"line":65,"column":17},"end":{"line":65,"column":37}},"16":{"start":{"line":66,"column":94},"end":{"line":66,"column":98}},"17":{"start":{"line":69,"column":4},"end":{"line":74,"column":5}},"18":{"start":{"line":70,"column":6},"end":{"line":73,"column":8}},"19":{"start":{"line":77,"column":28},"end":{"line":77,"column":96}},"20":{"start":{"line":78,"column":4},"end":{"line":83,"column":5}},"21":{"start":{"line":79,"column":6},"end":{"line":82,"column":8}},"22":{"start":{"line":86,"column":19},"end":{"line":86,"column":75}},"23":{"start":{"line":88,"column":22},"end":{"line":104,"column":6}},"24":{"start":{"line":106,"column":4},"end":{"line":112,"column":7}},"25":{"start":{"line":114,"column":4},"end":{"line":127,"column":7}},"26":{"start":{"line":130,"column":4},"end":{"line":130,"column":75}},"27":{"start":{"line":131,"column":4},"end":{"line":134,"column":6}},"28":{"start":{"line":140,"column":2},"end":{"line":147,"column":3}},"29":{"start":{"line":142,"column":6},"end":{"line":142,"column":52}},"30":{"start":{"line":144,"column":6},"end":{"line":144,"column":51}},"31":{"start":{"line":146,"column":6},"end":{"line":146,"column":44}},"32":{"start":{"line":151,"column":2},"end":{"line":187,"column":3}},"33":{"start":{"line":153,"column":34},"end":{"line":153,"column":38}},"34":{"start":{"line":154,"column":6},"end":{"line":160,"column":8}},"35":{"start":{"line":163,"column":41},"end":{"line":163,"column":45}},"36":{"start":{"line":164,"column":6},"end":{"line":169,"column":8}},"37":{"start":{"line":172,"column":24},"end":{"line":172,"column":28}},"38":{"start":{"line":173,"column":6},"end":{"line":177,"column":8}},"39":{"start":{"line":180,"column":6},"end":{"line":183,"column":8}},"40":{"start":{"line":186,"column":6},"end":{"line":186,"column":43}},"41":{"start":{"line":191,"column":2},"end":{"line":237,"column":3}},"42":{"start":{"line":193,"column":48},"end":{"line":193,"column":52}},"43":{"start":{"line":194,"column":6},"end":{"line":200,"column":8}},"44":{"start":{"line":203,"column":25},"end":{"line":203,"column":29}},"45":{"start":{"line":204,"column":6},"end":{"line":209,"column":8}},"46":{"start":{"line":212,"column":41},"end":{"line":212,"column":45}},"47":{"start":{"line":213,"column":6},"end":{"line":218,"column":8}},"48":{"start":{"line":221,"column":22},"end":{"line":221,"column":26}},"49":{"start":{"line":222,"column":6},"end":{"line":233,"column":8}},"50":{"start":{"line":236,"column":6},"end":{"line":236,"column":43}},"51":{"start":{"line":240,"column":13},"end":{"line":240,"column":58}}},"fnMap":{"0":{"name":"GET","decl":{"start":{"line":23,"column":22},"end":{"line":23,"column":25}},"loc":{"start":{"line":23,"column":46},"end":{"line":58,"column":1}}},"1":{"name":"(anonymous_2)","decl":{"start":{"line":28,"column":61},"end":{"line":28,"column":65}},"loc":{"start":{"line":28,"column":70},"end":{"line":33,"column":6}}},"2":{"name":"handleChaincodeOperation","decl":{"start":{"line":60,"column":15},"end":{"line":60,"column":39}},"loc":{"start":{"line":60,"column":71},"end":{"line":136,"column":1}}},"3":{"name":"simulateChaincodeInvocation","decl":{"start":{"line":138,"column":15},"end":{"line":138,"column":42}},"loc":{"start":{"line":138,"column":87},"end":{"line":148,"column":1}}},"4":{"name":"simulateGoldTokenOperation","decl":{"start":{"line":150,"column":9},"end":{"line":150,"column":35}},"loc":{"start":{"line":150,"column":61},"end":{"line":188,"column":1}}},"5":{"name":"simulateIdentityOperation","decl":{"start":{"line":190,"column":9},"end":{"line":190,"column":34}},"loc":{"start":{"line":190,"column":60},"end":{"line":238,"column":1}}}},"branchMap":{"0":{"loc":{"start":{"line":66,"column":39},"end":{"line":66,"column":48}},"type":"default-arg","locations":[{"start":{"line":66,"column":46},"end":{"line":66,"column":48}}]},"1":{"loc":{"start":{"line":66,"column":50},"end":{"line":66,"column":89}},"type":"default-arg","locations":[{"start":{"line":66,"column":60},"end":{"line":66,"column":89}}]},"2":{"loc":{"start":{"line":69,"column":4},"end":{"line":74,"column":5}},"type":"if","locations":[{"start":{"line":69,"column":4},"end":{"line":74,"column":5}},{"start":{},"end":{}}]},"3":{"loc":{"start":{"line":69,"column":8},"end":{"line":69,"column":58}},"type":"binary-expr","locations":[{"start":{"line":69,"column":8},"end":{"line":69,"column":18}},{"start":{"line":69,"column":22},"end":{"line":69,"column":58}}]},"4":{"loc":{"start":{"line":78,"column":4},"end":{"line":83,"column":5}},"type":"if","locations":[{"start":{"line":78,"column":4},"end":{"line":83,"column":5}},{"start":{},"end":{}}]},"5":{"loc":{"start":{"line":78,"column":8},"end":{"line":78,"column":58}},"type":"binary-expr","locations":[{"start":{"line":78,"column":8},"end":{"line":78,"column":13}},{"start":{"line":78,"column":17},"end":{"line":78,"column":58}}]},"6":{"loc":{"start":{"line":140,"column":2},"end":{"line":147,"column":3}},"type":"switch","locations":[{"start":{"line":141,"column":4},"end":{"line":142,"column":52}},{"start":{"line":143,"column":4},"end":{"line":144,"column":51}},{"start":{"line":145,"column":4},"end":{"line":146,"column":44}}]},"7":{"loc":{"start":{"line":151,"column":2},"end":{"line":187,"column":3}},"type":"switch","locations":[{"start":{"line":152,"column":4},"end":{"line":160,"column":8}},{"start":{"line":162,"column":4},"end":{"line":169,"column":8}},{"start":{"line":171,"column":4},"end":{"line":177,"column":8}},{"start":{"line":179,"column":4},"end":{"line":183,"column":8}},{"start":{"line":185,"column":4},"end":{"line":186,"column":43}}]},"8":{"loc":{"start":{"line":191,"column":2},"end":{"line":237,"column":3}},"type":"switch","locations":[{"start":{"line":192,"column":4},"end":{"line":200,"column":8}},{"start":{"line":202,"column":4},"end":{"line":209,"column":8}},{"start":{"line":211,"column":4},"end":{"line":218,"column":8}},{"start":{"line":220,"column":4},"end":{"line":233,"column":8}},{"start":{"line":235,"column":4},"end":{"line":236,"column":43}}]}},"s":{"0":1,"1":1,"2":1,"3":1,"4":1,"5":1,"6":1,"7":1,"8":1,"9":2,"10":1,"11":0,"12":0,"13":3,"14":3,"15":3,"16":3,"17":3,"18":1,"19":2,"20":2,"21":1,"22":1,"23":1,"24":1,"25":1,"26":0,"27":0,"28":1,"29":1,"30":0,"31":0,"32":1,"33":1,"34":1,"35":0,"36":0,"37":0,"38":0,"39":0,"40":0,"41":0,"42":0,"43":0,"44":0,"45":0,"46":0,"47":0,"48":0,"49":0,"50":0,"51":1},"f":{"0":1,"1":2,"2":3,"3":1,"4":1,"5":0},"b":{"0":[0],"1":[3],"2":[1,2],"3":[3,3],"4":[1,1],"5":[2,2],"6":[1,0,0],"7":[1,0,0,0,0],"8":[0,0,0,0,0]}}
,"C:\\BTNGAI_files\\btng-api\\app\\api\\btng\\fabric\\network\\route.ts": {"path":"C:\\BTNGAI_files\\btng-api\\app\\api\\btng\\fabric\\network\\route.ts","statementMap":{"0":{"start":{"line":14,"column":0},"end":{"line":14,"column":7}},"1":{"start":{"line":1,"column":0},"end":{"line":1,"column":56}},"2":{"start":{"line":2,"column":0},"end":{"line":2,"column":45}},"3":{"start":{"line":3,"column":0},"end":{"line":3,"column":46}},"4":{"start":{"line":5,"column":30},"end":{"line":12,"column":2}},"5":{"start":{"line":15,"column":2},"end":{"line":51,"column":3}},"6":{"start":{"line":17,"column":4},"end":{"line":17,"column":30}},"7":{"start":{"line":19,"column":24},"end":{"line":30,"column":6}},"8":{"start":{"line":32,"column":4},"end":{"line":39,"column":7}},"9":{"start":{"line":42,"column":4},"end":{"line":42,"column":70}},"10":{"start":{"line":43,"column":4},"end":{"line":50,"column":6}},"11":{"start":{"line":55,"column":2},"end":{"line":115,"column":3}},"12":{"start":{"line":57,"column":4},"end":{"line":57,"column":30}},"13":{"start":{"line":59,"column":17},"end":{"line":59,"column":37}},"14":{"start":{"line":60,"column":56},"end":{"line":60,"column":60}},"15":{"start":{"line":63,"column":4},"end":{"line":68,"column":5}},"16":{"start":{"line":64,"column":6},"end":{"line":67,"column":8}},"17":{"start":{"line":71,"column":27},"end":{"line":86,"column":6}},"18":{"start":{"line":88,"column":4},"end":{"line":93,"column":7}},"19":{"start":{"line":95,"column":4},"end":{"line":107,"column":7}},"20":{"start":{"line":110,"column":4},"end":{"line":110,"column":73}},"21":{"start":{"line":111,"column":4},"end":{"line":114,"column":6}},"22":{"start":{"line":118,"column":13},"end":{"line":118,"column":59}}},"fnMap":{"0":{"name":"GET","decl":{"start":{"line":14,"column":22},"end":{"line":14,"column":25}},"loc":{"start":{"line":14,"column":46},"end":{"line":52,"column":1}}},"1":{"name":"handleFabricNetworkUpdate","decl":{"start":{"line":54,"column":15},"end":{"line":54,"column":40}},"loc":{"start":{"line":54,"column":72},"end":{"line":116,"column":1}}}},"branchMap":{"0":{"loc":{"start":{"line":63,"column":4},"end":{"line":68,"column":5}},"type":"if","locations":[{"start":{"line":63,"column":4},"end":{"line":68,"column":5}},{"start":{},"end":{}}]},"1":{"loc":{"start":{"line":73,"column":15},"end":{"line":73,"column":50}},"type":"binary-expr","locations":[{"start":{"line":73,"column":15},"end":{"line":73,"column":22}},{"start":{"line":73,"column":26},"end":{"line":73,"column":50}}]},"2":{"loc":{"start":{"line":74,"column":17},"end":{"line":74,"column":47}},"type":"binary-expr","locations":[{"start":{"line":74,"column":17},"end":{"line":74,"column":26}},{"start":{"line":74,"column":30},"end":{"line":74,"column":47}}]}},"s":{"0":0,"1":0,"2":0,"3":0,"4":0,"5":0,"6":0,"7":0,"8":0,"9":0,"10":0,"11":0,"12":0,"13":0,"14":0,"15":0,"16":0,"17":0,"18":0,"19":0,"20":0,"21":0,"22":0},"f":{"0":0,"1":0},"b":{"0":[0,0],"1":[0,0],"2":[0,0]}}
,"C:\\BTNGAI_files\\btng-api\\app\\api\\btng\\fabric\\node\\route.ts": {"path":"C:\\BTNGAI_files\\btng-api\\app\\api\\btng\\fabric\\node\\route.ts","statementMap":{"0":{"start":{"line":18,"column":0},"end":{"line":18,"column":7}},"1":{"start":{"line":1,"column":0},"end":{"line":1,"column":56}},"2":{"start":{"line":2,"column":0},"end":{"line":2,"column":46}},"3":{"start":{"line":4,"column":27},"end":{"line":16,"column":2}},"4":{"start":{"line":19,"column":2},"end":{"line":60,"column":3}},"5":{"start":{"line":21,"column":4},"end":{"line":21,"column":30}},"6":{"start":{"line":23,"column":23},"end":{"line":38,"column":6}},"7":{"start":{"line":40,"column":4},"end":{"line":48,"column":7}},"8":{"start":{"line":51,"column":4},"end":{"line":51,"column":67}},"9":{"start":{"line":52,"column":4},"end":{"line":59,"column":6}}},"fnMap":{"0":{"name":"GET","decl":{"start":{"line":18,"column":22},"end":{"line":18,"column":25}},"loc":{"start":{"line":18,"column":46},"end":{"line":61,"column":1}}}},"branchMap":{},"s":{"0":0,"1":0,"2":0,"3":0,"4":0,"5":0,"6":0,"7":0,"8":0,"9":0},"f":{"0":0},"b":{}}
,"C:\\BTNGAI_files\\btng-api\\app\\api\\btng\\gold\\price\\route.ts": {"path":"C:\\BTNGAI_files\\btng-api\\app\\api\\btng\\gold\\price\\route.ts","statementMap":{"0":{"start":{"line":105,"column":9},"end":{"line":105,"column":30}},"1":{"start":{"line":1,"column":0},"end":{"line":1,"column":56}},"2":{"start":{"line":2,"column":0},"end":{"line":2,"column":75}},"3":{"start":{"line":3,"column":0},"end":{"line":3,"column":46}},"4":{"start":{"line":4,"column":0},"end":{"line":4,"column":46}},"5":{"start":{"line":5,"column":0},"end":{"line":5,"column":69}},"6":{"start":{"line":10,"column":2},"end":{"line":102,"column":3}},"7":{"start":{"line":12,"column":4},"end":{"line":12,"column":30}},"8":{"start":{"line":14,"column":17},"end":{"line":14,"column":37}},"9":{"start":{"line":27,"column":8},"end":{"line":27,"column":12}},"10":{"start":{"line":30,"column":4},"end":{"line":35,"column":5}},"11":{"start":{"line":31,"column":6},"end":{"line":34,"column":8}},"12":{"start":{"line":38,"column":4},"end":{"line":43,"column":5}},"13":{"start":{"line":39,"column":6},"end":{"line":42,"column":8}},"14":{"start":{"line":45,"column":19},"end":{"line":56,"column":6}},"15":{"start":{"line":59,"column":24},"end":{"line":59,"column":51}},"16":{"start":{"line":62,"column":4},"end":{"line":62,"column":37}},"17":{"start":{"line":65,"column":23},"end":{"line":65,"column":70}},"18":{"start":{"line":66,"column":4},"end":{"line":69,"column":5}},"19":{"start":{"line":67,"column":6},"end":{"line":67,"column":100}},"20":{"start":{"line":71,"column":4},"end":{"line":77,"column":7}},"21":{"start":{"line":79,"column":4},"end":{"line":94,"column":7}},"22":{"start":{"line":97,"column":4},"end":{"line":97,"column":68}},"23":{"start":{"line":98,"column":4},"end":{"line":101,"column":6}},"24":{"start":{"line":106,"column":13},"end":{"line":106,"column":56}}},"fnMap":{"0":{"name":"handleGoldPriceUpdate","decl":{"start":{"line":9,"column":15},"end":{"line":9,"column":36}},"loc":{"start":{"line":9,"column":75},"end":{"line":103,"column":1}}}},"branchMap":{"0":{"loc":{"start":{"line":30,"column":4},"end":{"line":35,"column":5}},"type":"if","locations":[{"start":{"line":30,"column":4},"end":{"line":35,"column":5}},{"start":{},"end":{}}]},"1":{"loc":{"start":{"line":30,"column":8},"end":{"line":30,"column":65}},"type":"binary-expr","locations":[{"start":{"line":30,"column":8},"end":{"line":30,"column":24}},{"start":{"line":30,"column":28},"end":{"line":30,"column":45}},{"start":{"line":30,"column":49},"end":{"line":30,"column":65}}]},"2":{"loc":{"start":{"line":38,"column":4},"end":{"line":43,"column":5}},"type":"if","locations":[{"start":{"line":38,"column":4},"end":{"line":43,"column":5}},{"start":{},"end":{}}]},"3":{"loc":{"start":{"line":38,"column":8},"end":{"line":38,"column":77}},"type":"binary-expr","locations":[{"start":{"line":38,"column":8},"end":{"line":38,"column":28}},{"start":{"line":38,"column":32},"end":{"line":38,"column":53}},{"start":{"line":38,"column":57},"end":{"line":38,"column":77}}]},"4":{"loc":{"start":{"line":46,"column":21},"end":{"line":46,"column":43}},"type":"binary-expr","locations":[{"start":{"line":46,"column":21},"end":{"line":46,"column":34}},{"start":{"line":46,"column":38},"end":{"line":46,"column":43}}]},"5":{"loc":{"start":{"line":50,"column":18},"end":{"line":50,"column":34}},"type":"binary-expr","locations":[{"start":{"line":50,"column":18},"end":{"line":50,"column":28}},{"start":{"line":50,"column":32},"end":{"line":50,"column":34}}]},"6":{"loc":{"start":{"line":51,"column":16},"end":{"line":51,"column":30}},"type":"binary-expr","locations":[{"start":{"line":51,"column":16},"end":{"line":51,"column":24}},{"start":{"line":51,"column":28},"end":{"line":51,"column":30}}]},"7":{"loc":{"start":{"line":52,"column":11},"end":{"line":52,"column":22}},"type":"binary-expr","locations":[{"start":{"line":52,"column":11},"end":{"line":52,"column":14}},{"start":{"line":52,"column":18},"end":{"line":52,"column":22}}]},"8":{"loc":{"start":{"line":53,"column":11},"end":{"line":53,"column":22}},"type":"binary-expr","locations":[{"start":{"line":53,"column":11},"end":{"line":53,"column":14}},{"start":{"line":53,"column":18},"end":{"line":53,"column":22}}]},"9":{"loc":{"start":{"line":54,"column":14},"end":{"line":54,"column":28}},"type":"binary-expr","locations":[{"start":{"line":54,"column":14},"end":{"line":54,"column":20}},{"start":{"line":54,"column":24},"end":{"line":54,"column":28}}]},"10":{"loc":{"start":{"line":55,"column":17},"end":{"line":55,"column":40}},"type":"binary-expr","locations":[{"start":{"line":55,"column":17},"end":{"line":55,"column":26}},{"start":{"line":55,"column":30},"end":{"line":55,"column":40}}]},"11":{"loc":{"start":{"line":66,"column":4},"end":{"line":69,"column":5}},"type":"if","locations":[{"start":{"line":66,"column":4},"end":{"line":69,"column":5}},{"start":{},"end":{}}]},"12":{"loc":{"start":{"line":85,"column":58},"end":{"line":85,"column":127}},"type":"cond-expr","locations":[{"start":{"line":85,"column":79},"end":{"line":85,"column":99}},{"start":{"line":85,"column":102},"end":{"line":85,"column":127}}]},"13":{"loc":{"start":{"line":92,"column":26},"end":{"line":92,"column":63}},"type":"cond-expr","locations":[{"start":{"line":92,"column":47},"end":{"line":92,"column":53}},{"start":{"line":92,"column":56},"end":{"line":92,"column":63}}]}},"s":{"0":1,"1":1,"2":1,"3":1,"4":1,"5":1,"6":4,"7":4,"8":4,"9":4,"10":4,"11":1,"12":3,"13":1,"14":2,"15":2,"16":2,"17":2,"18":2,"19":1,"20":2,"21":2,"22":0,"23":0,"24":1},"f":{"0":4},"b":{"0":[1,3],"1":[4,3,3],"2":[1,2],"3":[3,2,2],"4":[2,2],"5":[2,1],"6":[2,1],"7":[2,1],"8":[2,1],"9":[2,1],"10":[2,1],"11":[1,1],"12":[1,1],"13":[1,1]}}
,"C:\\BTNGAI_files\\btng-api\\app\\api\\btng\\gold\\price\\history\\route.ts": {"path":"C:\\BTNGAI_files\\btng-api\\app\\api\\btng\\gold\\price\\history\\route.ts","statementMap":{"0":{"start":{"line":5,"column":0},"end":{"line":5,"column":7}},"1":{"start":{"line":1,"column":0},"end":{"line":1,"column":56}},"2":{"start":{"line":2,"column":0},"end":{"line":2,"column":91}},"3":{"start":{"line":3,"column":0},"end":{"line":3,"column":46}},"4":{"start":{"line":6,"column":2},"end":{"line":55,"column":3}},"5":{"start":{"line":8,"column":4},"end":{"line":8,"column":30}},"6":{"start":{"line":10,"column":29},"end":{"line":10,"column":49}},"7":{"start":{"line":11,"column":18},"end":{"line":11,"column":62}},"8":{"start":{"line":12,"column":22},"end":{"line":12,"column":51}},"9":{"start":{"line":13,"column":20},"end":{"line":13,"column":47}},"10":{"start":{"line":17,"column":4},"end":{"line":34,"column":5}},"11":{"start":{"line":19,"column":20},"end":{"line":19,"column":39}},"12":{"start":{"line":20,"column":18},"end":{"line":20,"column":35}},"13":{"start":{"line":22,"column":6},"end":{"line":27,"column":7}},"14":{"start":{"line":23,"column":8},"end":{"line":26,"column":10}},"15":{"start":{"line":29,"column":6},"end":{"line":29,"column":63}},"16":{"start":{"line":32,"column":24},"end":{"line":32,"column":58}},"17":{"start":{"line":33,"column":6},"end":{"line":33,"column":53}},"18":{"start":{"line":36,"column":4},"end":{"line":47,"column":7}},"19":{"start":{"line":50,"column":4},"end":{"line":50,"column":76}},"20":{"start":{"line":51,"column":4},"end":{"line":54,"column":6}}},"fnMap":{"0":{"name":"GET","decl":{"start":{"line":5,"column":22},"end":{"line":5,"column":25}},"loc":{"start":{"line":5,"column":46},"end":{"line":56,"column":1}}}},"branchMap":{"0":{"loc":{"start":{"line":11,"column":27},"end":{"line":11,"column":61}},"type":"binary-expr","locations":[{"start":{"line":11,"column":27},"end":{"line":11,"column":52}},{"start":{"line":11,"column":56},"end":{"line":11,"column":61}}]},"1":{"loc":{"start":{"line":17,"column":4},"end":{"line":34,"column":5}},"type":"if","locations":[{"start":{"line":17,"column":4},"end":{"line":34,"column":5}},{"start":{"line":30,"column":11},"end":{"line":34,"column":5}}]},"2":{"loc":{"start":{"line":17,"column":8},"end":{"line":17,"column":28}},"type":"binary-expr","locations":[{"start":{"line":17,"column":8},"end":{"line":17,"column":17}},{"start":{"line":17,"column":21},"end":{"line":17,"column":28}}]},"3":{"loc":{"start":{"line":22,"column":6},"end":{"line":27,"column":7}},"type":"if","locations":[{"start":{"line":22,"column":6},"end":{"line":27,"column":7}},{"start":{},"end":{}}]},"4":{"loc":{"start":{"line":22,"column":10},"end":{"line":22,"column":36}},"type":"binary-expr","locations":[{"start":{"line":22,"column":10},"end":{"line":22,"column":22}},{"start":{"line":22,"column":26},"end":{"line":22,"column":36}}]}},"s":{"0":0,"1":0,"2":0,"3":0,"4":0,"5":0,"6":0,"7":0,"8":0,"9":0,"10":0,"11":0,"12":0,"13":0,"14":0,"15":0,"16":0,"17":0,"18":0,"19":0,"20":0},"f":{"0":0},"b":{"0":[0,0],"1":[0,0],"2":[0,0],"3":[0,0],"4":[0,0]}}
,"C:\\BTNGAI_files\\btng-api\\app\\api\\btng\\gold\\price\\latest\\route.ts": {"path":"C:\\BTNGAI_files\\btng-api\\app\\api\\btng\\gold\\price\\latest\\route.ts","statementMap":{"0":{"start":{"line":5,"column":0},"end":{"line":5,"column":7}},"1":{"start":{"line":1,"column":0},"end":{"line":1,"column":56}},"2":{"start":{"line":2,"column":0},"end":{"line":2,"column":60}},"3":{"start":{"line":3,"column":0},"end":{"line":3,"column":46}},"4":{"start":{"line":6,"column":2},"end":{"line":43,"column":3}},"5":{"start":{"line":8,"column":4},"end":{"line":8,"column":30}},"6":{"start":{"line":10,"column":19},"end":{"line":10,"column":39}},"7":{"start":{"line":12,"column":4},"end":{"line":26,"column":5}},"8":{"start":{"line":13,"column":6},"end":{"line":25,"column":8}},"9":{"start":{"line":28,"column":4},"end":{"line":35,"column":7}},"10":{"start":{"line":38,"column":4},"end":{"line":38,"column":75}},"11":{"start":{"line":39,"column":4},"end":{"line":42,"column":6}}},"fnMap":{"0":{"name":"GET","decl":{"start":{"line":5,"column":22},"end":{"line":5,"column":25}},"loc":{"start":{"line":5,"column":46},"end":{"line":44,"column":1}}}},"branchMap":{"0":{"loc":{"start":{"line":12,"column":4},"end":{"line":26,"column":5}},"type":"if","locations":[{"start":{"line":12,"column":4},"end":{"line":26,"column":5}},{"start":{},"end":{}}]}},"s":{"0":0,"1":0,"2":0,"3":0,"4":0,"5":0,"6":0,"7":0,"8":0,"9":0,"10":0,"11":0},"f":{"0":0},"b":{"0":[0,0]}}
,"C:\\BTNGAI_files\\btng-api\\app\\api\\btng\\gold\\price\\status\\route.ts": {"path":"C:\\BTNGAI_files\\btng-api\\app\\api\\btng\\gold\\price\\status\\route.ts","statementMap":{"0":{"start":{"line":6,"column":0},"end":{"line":6,"column":7}},"1":{"start":{"line":1,"column":0},"end":{"line":1,"column":56}},"2":{"start":{"line":2,"column":0},"end":{"line":2,"column":68}},"3":{"start":{"line":3,"column":0},"end":{"line":3,"column":60}},"4":{"start":{"line":4,"column":0},"end":{"line":4,"column":46}},"5":{"start":{"line":7,"column":2},"end":{"line":52,"column":3}},"6":{"start":{"line":9,"column":4},"end":{"line":9,"column":30}},"7":{"start":{"line":11,"column":30},"end":{"line":11,"column":62}},"8":{"start":{"line":12,"column":24},"end":{"line":12,"column":44}},"9":{"start":{"line":14,"column":19},"end":{"line":28,"column":6}},"10":{"start":{"line":30,"column":4},"end":{"line":36,"column":7}},"11":{"start":{"line":39,"column":4},"end":{"line":39,"column":75}},"12":{"start":{"line":40,"column":4},"end":{"line":51,"column":6}}},"fnMap":{"0":{"name":"GET","decl":{"start":{"line":6,"column":22},"end":{"line":6,"column":25}},"loc":{"start":{"line":6,"column":46},"end":{"line":53,"column":1}}}},"branchMap":{"0":{"loc":{"start":{"line":16,"column":20},"end":{"line":22,"column":14}},"type":"cond-expr","locations":[{"start":{"line":16,"column":34},"end":{"line":22,"column":8}},{"start":{"line":22,"column":10},"end":{"line":22,"column":14}}]},"1":{"loc":{"start":{"line":25,"column":17},"end":{"line":25,"column":69}},"type":"cond-expr","locations":[{"start":{"line":25,"column":31},"end":{"line":25,"column":44}},{"start":{"line":25,"column":47},"end":{"line":25,"column":69}}]},"2":{"loc":{"start":{"line":26,"column":21},"end":{"line":26,"column":72}},"type":"cond-expr","locations":[{"start":{"line":26,"column":51},"end":{"line":26,"column":60}},{"start":{"line":26,"column":63},"end":{"line":26,"column":72}}]}},"s":{"0":0,"1":0,"2":0,"3":0,"4":0,"5":0,"6":0,"7":0,"8":0,"9":0,"10":0,"11":0,"12":0},"f":{"0":0},"b":{"0":[0,0],"1":[0,0],"2":[0,0]}}
,"C:\\BTNGAI_files\\btng-api\\app\\api\\btng\\gold\\price\\test\\route.ts": {"path":"C:\\BTNGAI_files\\btng-api\\app\\api\\btng\\gold\\price\\test\\route.ts","statementMap":{"0":{"start":{"line":5,"column":0},"end":{"line":5,"column":7}},"1":{"start":{"line":1,"column":0},"end":{"line":1,"column":56}},"2":{"start":{"line":2,"column":0},"end":{"line":2,"column":116}},"3":{"start":{"line":3,"column":0},"end":{"line":3,"column":46}},"4":{"start":{"line":6,"column":2},"end":{"line":63,"column":3}},"5":{"start":{"line":8,"column":4},"end":{"line":8,"column":30}},"6":{"start":{"line":11,"column":21},"end":{"line":25,"column":6}},"7":{"start":{"line":28,"column":18},"end":{"line":28,"column":47}},"8":{"start":{"line":31,"column":4},"end":{"line":31,"column":39}},"9":{"start":{"line":34,"column":19},"end":{"line":34,"column":39}},"10":{"start":{"line":37,"column":20},"end":{"line":37,"column":48}},"11":{"start":{"line":39,"column":4},"end":{"line":55,"column":7}},"12":{"start":{"line":58,"column":4},"end":{"line":58,"column":73}},"13":{"start":{"line":59,"column":4},"end":{"line":62,"column":6}}},"fnMap":{"0":{"name":"GET","decl":{"start":{"line":5,"column":22},"end":{"line":5,"column":25}},"loc":{"start":{"line":5,"column":46},"end":{"line":64,"column":1}}}},"branchMap":{"0":{"loc":{"start":{"line":41,"column":13},"end":{"line":41,"column":41}},"type":"cond-expr","locations":[{"start":{"line":41,"column":21},"end":{"line":41,"column":30}},{"start":{"line":41,"column":33},"end":{"line":41,"column":41}}]},"1":{"loc":{"start":{"line":42,"column":21},"end":{"line":42,"column":50}},"type":"cond-expr","locations":[{"start":{"line":42,"column":30},"end":{"line":42,"column":39}},{"start":{"line":42,"column":42},"end":{"line":42,"column":50}}]},"2":{"loc":{"start":{"line":44,"column":20},"end":{"line":47,"column":14}},"type":"cond-expr","locations":[{"start":{"line":44,"column":29},"end":{"line":47,"column":8}},{"start":{"line":47,"column":10},"end":{"line":47,"column":14}}]}},"s":{"0":0,"1":0,"2":0,"3":0,"4":0,"5":0,"6":0,"7":0,"8":0,"9":0,"10":0,"11":0,"12":0,"13":0},"f":{"0":0},"b":{"0":[0,0],"1":[0,0],"2":[0,0]}}
,"C:\\BTNGAI_files\\btng-api\\app\\api\\btng\\health\\route.ts": {"path":"C:\\BTNGAI_files\\btng-api\\app\\api\\btng\\health\\route.ts","statementMap":{"0":{"start":{"line":5,"column":0},"end":{"line":5,"column":7}},"1":{"start":{"line":1,"column":0},"end":{"line":1,"column":56}},"2":{"start":{"line":3,"column":22},"end":{"line":3,"column":50}},"3":{"start":{"line":6,"column":2},"end":{"line":32,"column":3}},"4":{"start":{"line":7,"column":21},"end":{"line":14,"column":6}},"5":{"start":{"line":16,"column":4},"end":{"line":21,"column":5}},"6":{"start":{"line":17,"column":6},"end":{"line":20,"column":8}},"7":{"start":{"line":23,"column":17},"end":{"line":23,"column":38}},"8":{"start":{"line":24,"column":4},"end":{"line":24,"column":35}},"9":{"start":{"line":26,"column":4},"end":{"line":26,"column":48}},"10":{"start":{"line":28,"column":4},"end":{"line":31,"column":6}}},"fnMap":{"0":{"name":"GET","decl":{"start":{"line":5,"column":22},"end":{"line":5,"column":25}},"loc":{"start":{"line":5,"column":25},"end":{"line":33,"column":1}}}},"branchMap":{"0":{"loc":{"start":{"line":16,"column":4},"end":{"line":21,"column":5}},"type":"if","locations":[{"start":{"line":16,"column":4},"end":{"line":21,"column":5}},{"start":{},"end":{}}]}},"s":{"0":0,"1":0,"2":0,"3":0,"4":0,"5":0,"6":0,"7":0,"8":0,"9":0,"10":0},"f":{"0":0},"b":{"0":[0,0]}}
,"C:\\BTNGAI_files\\btng-api\\app\\api\\btng\\mining\\hashrate\\route.ts": {"path":"C:\\BTNGAI_files\\btng-api\\app\\api\\btng\\mining\\hashrate\\route.ts","statementMap":{"0":{"start":{"line":5,"column":0},"end":{"line":5,"column":7}},"1":{"start":{"line":1,"column":0},"end":{"line":1,"column":56}},"2":{"start":{"line":3,"column":22},"end":{"line":3,"column":50}},"3":{"start":{"line":6,"column":2},"end":{"line":31,"column":3}},"4":{"start":{"line":7,"column":21},"end":{"line":13,"column":6}},"5":{"start":{"line":15,"column":4},"end":{"line":20,"column":5}},"6":{"start":{"line":16,"column":6},"end":{"line":19,"column":8}},"7":{"start":{"line":22,"column":17},"end":{"line":22,"column":38}},"8":{"start":{"line":23,"column":4},"end":{"line":23,"column":35}},"9":{"start":{"line":25,"column":4},"end":{"line":25,"column":50}},"10":{"start":{"line":27,"column":4},"end":{"line":30,"column":6}}},"fnMap":{"0":{"name":"GET","decl":{"start":{"line":5,"column":22},"end":{"line":5,"column":25}},"loc":{"start":{"line":5,"column":25},"end":{"line":32,"column":1}}}},"branchMap":{"0":{"loc":{"start":{"line":15,"column":4},"end":{"line":20,"column":5}},"type":"if","locations":[{"start":{"line":15,"column":4},"end":{"line":20,"column":5}},{"start":{},"end":{}}]}},"s":{"0":0,"1":0,"2":0,"3":0,"4":0,"5":0,"6":0,"7":0,"8":0,"9":0,"10":0},"f":{"0":0},"b":{"0":[0,0]}}
,"C:\\BTNGAI_files\\btng-api\\app\\api\\btng\\mining\\info\\route.ts": {"path":"C:\\BTNGAI_files\\btng-api\\app\\api\\btng\\mining\\info\\route.ts","statementMap":{"0":{"start":{"line":5,"column":0},"end":{"line":5,"column":7}},"1":{"start":{"line":1,"column":0},"end":{"line":1,"column":56}},"2":{"start":{"line":3,"column":22},"end":{"line":3,"column":50}},"3":{"start":{"line":6,"column":2},"end":{"line":31,"column":3}},"4":{"start":{"line":7,"column":21},"end":{"line":13,"column":6}},"5":{"start":{"line":15,"column":4},"end":{"line":20,"column":5}},"6":{"start":{"line":16,"column":6},"end":{"line":19,"column":8}},"7":{"start":{"line":22,"column":17},"end":{"line":22,"column":38}},"8":{"start":{"line":23,"column":4},"end":{"line":23,"column":35}},"9":{"start":{"line":25,"column":4},"end":{"line":25,"column":47}},"10":{"start":{"line":27,"column":4},"end":{"line":30,"column":6}}},"fnMap":{"0":{"name":"GET","decl":{"start":{"line":5,"column":22},"end":{"line":5,"column":25}},"loc":{"start":{"line":5,"column":25},"end":{"line":32,"column":1}}}},"branchMap":{"0":{"loc":{"start":{"line":15,"column":4},"end":{"line":20,"column":5}},"type":"if","locations":[{"start":{"line":15,"column":4},"end":{"line":20,"column":5}},{"start":{},"end":{}}]}},"s":{"0":0,"1":0,"2":0,"3":0,"4":0,"5":0,"6":0,"7":0,"8":0,"9":0,"10":0},"f":{"0":0},"b":{"0":[0,0]}}
,"C:\\BTNGAI_files\\btng-api\\app\\api\\btng\\oracle\\marketcap\\route.ts": {"path":"C:\\BTNGAI_files\\btng-api\\app\\api\\btng\\oracle\\marketcap\\route.ts","statementMap":{"0":{"start":{"line":5,"column":0},"end":{"line":5,"column":7}},"1":{"start":{"line":1,"column":0},"end":{"line":1,"column":56}},"2":{"start":{"line":3,"column":22},"end":{"line":3,"column":50}},"3":{"start":{"line":6,"column":2},"end":{"line":31,"column":3}},"4":{"start":{"line":7,"column":21},"end":{"line":13,"column":6}},"5":{"start":{"line":15,"column":4},"end":{"line":20,"column":5}},"6":{"start":{"line":16,"column":6},"end":{"line":19,"column":8}},"7":{"start":{"line":22,"column":17},"end":{"line":22,"column":38}},"8":{"start":{"line":23,"column":4},"end":{"line":23,"column":35}},"9":{"start":{"line":25,"column":4},"end":{"line":25,"column":52}},"10":{"start":{"line":27,"column":4},"end":{"line":30,"column":6}}},"fnMap":{"0":{"name":"GET","decl":{"start":{"line":5,"column":22},"end":{"line":5,"column":25}},"loc":{"start":{"line":5,"column":25},"end":{"line":32,"column":1}}}},"branchMap":{"0":{"loc":{"start":{"line":15,"column":4},"end":{"line":20,"column":5}},"type":"if","locations":[{"start":{"line":15,"column":4},"end":{"line":20,"column":5}},{"start":{},"end":{}}]}},"s":{"0":0,"1":0,"2":0,"3":0,"4":0,"5":0,"6":0,"7":0,"8":0,"9":0,"10":0},"f":{"0":0},"b":{"0":[0,0]}}
,"C:\\BTNGAI_files\\btng-api\\app\\api\\btng\\oracle\\price\\route.ts": {"path":"C:\\BTNGAI_files\\btng-api\\app\\api\\btng\\oracle\\price\\route.ts","statementMap":{"0":{"start":{"line":5,"column":0},"end":{"line":5,"column":7}},"1":{"start":{"line":1,"column":0},"end":{"line":1,"column":56}},"2":{"start":{"line":3,"column":22},"end":{"line":3,"column":50}},"3":{"start":{"line":6,"column":2},"end":{"line":31,"column":3}},"4":{"start":{"line":7,"column":21},"end":{"line":13,"column":6}},"5":{"start":{"line":15,"column":4},"end":{"line":20,"column":5}},"6":{"start":{"line":16,"column":6},"end":{"line":19,"column":8}},"7":{"start":{"line":22,"column":17},"end":{"line":22,"column":38}},"8":{"start":{"line":23,"column":4},"end":{"line":23,"column":35}},"9":{"start":{"line":25,"column":4},"end":{"line":25,"column":47}},"10":{"start":{"line":27,"column":4},"end":{"line":30,"column":6}}},"fnMap":{"0":{"name":"GET","decl":{"start":{"line":5,"column":22},"end":{"line":5,"column":25}},"loc":{"start":{"line":5,"column":25},"end":{"line":32,"column":1}}}},"branchMap":{"0":{"loc":{"start":{"line":15,"column":4},"end":{"line":20,"column":5}},"type":"if","locations":[{"start":{"line":15,"column":4},"end":{"line":20,"column":5}},{"start":{},"end":{}}]}},"s":{"0":0,"1":0,"2":0,"3":0,"4":0,"5":0,"6":0,"7":0,"8":0,"9":0,"10":0},"f":{"0":0},"b":{"0":[0,0]}}
,"C:\\BTNGAI_files\\btng-api\\app\\api\\btng\\pov\\verify\\route.ts": {"path":"C:\\BTNGAI_files\\btng-api\\app\\api\\btng\\pov\\verify\\route.ts","statementMap":{"0":{"start":{"line":5,"column":0},"end":{"line":5,"column":7}},"1":{"start":{"line":1,"column":0},"end":{"line":1,"column":56}},"2":{"start":{"line":3,"column":22},"end":{"line":3,"column":50}},"3":{"start":{"line":6,"column":2},"end":{"line":50,"column":3}},"4":{"start":{"line":7,"column":17},"end":{"line":7,"column":37}},"5":{"start":{"line":8,"column":44},"end":{"line":8,"column":48}},"6":{"start":{"line":11,"column":4},"end":{"line":16,"column":5}},"7":{"start":{"line":12,"column":6},"end":{"line":15,"column":8}},"8":{"start":{"line":18,"column":4},"end":{"line":23,"column":5}},"9":{"start":{"line":19,"column":6},"end":{"line":22,"column":8}},"10":{"start":{"line":25,"column":21},"end":{"line":32,"column":6}},"11":{"start":{"line":34,"column":4},"end":{"line":40,"column":5}},"12":{"start":{"line":35,"column":24},"end":{"line":35,"column":93}},"13":{"start":{"line":35,"column":59},"end":{"line":35,"column":91}},"14":{"start":{"line":36,"column":6},"end":{"line":39,"column":8}},"15":{"start":{"line":42,"column":17},"end":{"line":42,"column":38}},"16":{"start":{"line":43,"column":4},"end":{"line":43,"column":35}},"17":{"start":{"line":45,"column":4},"end":{"line":45,"column":52}},"18":{"start":{"line":46,"column":4},"end":{"line":49,"column":6}}},"fnMap":{"0":{"name":"POST","decl":{"start":{"line":5,"column":22},"end":{"line":5,"column":26}},"loc":{"start":{"line":5,"column":47},"end":{"line":51,"column":1}}},"1":{"name":"(anonymous_1)","decl":{"start":{"line":35,"column":52},"end":{"line":35,"column":55}},"loc":{"start":{"line":35,"column":59},"end":{"line":35,"column":91}}}},"branchMap":{"0":{"loc":{"start":{"line":11,"column":4},"end":{"line":16,"column":5}},"type":"if","locations":[{"start":{"line":11,"column":4},"end":{"line":16,"column":5}},{"start":{},"end":{}}]},"1":{"loc":{"start":{"line":11,"column":8},"end":{"line":11,"column":42}},"type":"binary-expr","locations":[{"start":{"line":11,"column":8},"end":{"line":11,"column":16}},{"start":{"line":11,"column":20},"end":{"line":11,"column":30}},{"start":{"line":11,"column":34},"end":{"line":11,"column":42}}]},"2":{"loc":{"start":{"line":18,"column":4},"end":{"line":23,"column":5}},"type":"if","locations":[{"start":{"line":18,"column":4},"end":{"line":23,"column":5}},{"start":{},"end":{}}]},"3":{"loc":{"start":{"line":34,"column":4},"end":{"line":40,"column":5}},"type":"if","locations":[{"start":{"line":34,"column":4},"end":{"line":40,"column":5}},{"start":{},"end":{}}]},"4":{"loc":{"start":{"line":37,"column":17},"end":{"line":37,"column":57}},"type":"binary-expr","locations":[{"start":{"line":37,"column":17},"end":{"line":37,"column":32}},{"start":{"line":37,"column":36},"end":{"line":37,"column":57}}]}},"s":{"0":0,"1":0,"2":0,"3":0,"4":0,"5":0,"6":0,"7":0,"8":0,"9":0,"10":0,"11":0,"12":0,"13":0,"14":0,"15":0,"16":0,"17":0,"18":0},"f":{"0":0,"1":0},"b":{"0":[0,0],"1":[0,0,0],"2":[0,0],"3":[0,0],"4":[0,0]}}
,"C:\\BTNGAI_files\\btng-api\\app\\api\\btng\\tokens\\balance\\route.ts": {"path":"C:\\BTNGAI_files\\btng-api\\app\\api\\btng\\tokens\\balance\\route.ts","statementMap":{"0":{"start":{"line":1,"column":0},"end":{"line":1,"column":56}},"1":{"start":{"line":2,"column":0},"end":{"line":2,"column":45}},"2":{"start":{"line":3,"column":0},"end":{"line":3,"column":61}},"3":{"start":{"line":8,"column":2},"end":{"line":39,"column":3}},"4":{"start":{"line":9,"column":26},"end":{"line":9,"column":61}},"5":{"start":{"line":11,"column":4},"end":{"line":16,"column":5}},"6":{"start":{"line":12,"column":6},"end":{"line":15,"column":8}},"7":{"start":{"line":18,"column":4},"end":{"line":31,"column":7}},"8":{"start":{"line":34,"column":4},"end":{"line":34,"column":71}},"9":{"start":{"line":35,"column":4},"end":{"line":38,"column":6}},"10":{"start":{"line":42,"column":13},"end":{"line":42,"column":49}}},"fnMap":{"0":{"name":"handleGetBalance","decl":{"start":{"line":7,"column":15},"end":{"line":7,"column":31}},"loc":{"start":{"line":7,"column":70},"end":{"line":40,"column":1}}}},"branchMap":{"0":{"loc":{"start":{"line":11,"column":4},"end":{"line":16,"column":5}},"type":"if","locations":[{"start":{"line":11,"column":4},"end":{"line":16,"column":5}},{"start":{},"end":{}}]},"1":{"loc":{"start":{"line":21,"column":15},"end":{"line":21,"column":49}},"type":"binary-expr","locations":[{"start":{"line":21,"column":15},"end":{"line":21,"column":44}},{"start":{"line":21,"column":48},"end":{"line":21,"column":49}}]},"2":{"loc":{"start":{"line":22,"column":20},"end":{"line":22,"column":61}},"type":"binary-expr","locations":[{"start":{"line":22,"column":20},"end":{"line":22,"column":53}},{"start":{"line":22,"column":57},"end":{"line":22,"column":61}}]}},"s":{"0":0,"1":0,"2":0,"3":0,"4":0,"5":0,"6":0,"7":0,"8":0,"9":0,"10":0},"f":{"0":0},"b":{"0":[0,0],"1":[0,0],"2":[0,0]}}
,"C:\\BTNGAI_files\\btng-api\\app\\api\\btng\\tokens\\transfer\\route.ts": {"path":"C:\\BTNGAI_files\\btng-api\\app\\api\\btng\\tokens\\transfer\\route.ts","statementMap":{"0":{"start":{"line":1,"column":0},"end":{"line":1,"column":56}},"1":{"start":{"line":2,"column":0},"end":{"line":2,"column":45}},"2":{"start":{"line":3,"column":0},"end":{"line":3,"column":60}},"3":{"start":{"line":8,"column":2},"end":{"line":69,"column":3}},"4":{"start":{"line":9,"column":17},"end":{"line":9,"column":37}},"5":{"start":{"line":10,"column":35},"end":{"line":10,"column":39}},"6":{"start":{"line":13,"column":4},"end":{"line":18,"column":5}},"7":{"start":{"line":14,"column":6},"end":{"line":17,"column":8}},"8":{"start":{"line":21,"column":24},"end":{"line":21,"column":40}},"9":{"start":{"line":22,"column":4},"end":{"line":27,"column":5}},"10":{"start":{"line":23,"column":6},"end":{"line":26,"column":8}},"11":{"start":{"line":30,"column":4},"end":{"line":35,"column":5}},"12":{"start":{"line":31,"column":6},"end":{"line":34,"column":8}},"13":{"start":{"line":37,"column":27},"end":{"line":37,"column":92}},"14":{"start":{"line":39,"column":4},"end":{"line":44,"column":5}},"15":{"start":{"line":40,"column":6},"end":{"line":43,"column":8}},"16":{"start":{"line":46,"column":4},"end":{"line":61,"column":7}},"17":{"start":{"line":64,"column":4},"end":{"line":64,"column":72}},"18":{"start":{"line":65,"column":4},"end":{"line":68,"column":6}},"19":{"start":{"line":72,"column":13},"end":{"line":72,"column":54}}},"fnMap":{"0":{"name":"handleTransferTokens","decl":{"start":{"line":7,"column":15},"end":{"line":7,"column":35}},"loc":{"start":{"line":7,"column":74},"end":{"line":70,"column":1}}}},"branchMap":{"0":{"loc":{"start":{"line":13,"column":4},"end":{"line":18,"column":5}},"type":"if","locations":[{"start":{"line":13,"column":4},"end":{"line":18,"column":5}},{"start":{},"end":{}}]},"1":{"loc":{"start":{"line":13,"column":8},"end":{"line":13,"column":30}},"type":"binary-expr","locations":[{"start":{"line":13,"column":8},"end":{"line":13,"column":19}},{"start":{"line":13,"column":23},"end":{"line":13,"column":30}}]},"2":{"loc":{"start":{"line":22,"column":4},"end":{"line":27,"column":5}},"type":"if","locations":[{"start":{"line":22,"column":4},"end":{"line":27,"column":5}},{"start":{},"end":{}}]},"3":{"loc":{"start":{"line":22,"column":8},"end":{"line":22,"column":46}},"type":"binary-expr","locations":[{"start":{"line":22,"column":8},"end":{"line":22,"column":26}},{"start":{"line":22,"column":30},"end":{"line":22,"column":46}}]},"4":{"loc":{"start":{"line":30,"column":4},"end":{"line":35,"column":5}},"type":"if","locations":[{"start":{"line":30,"column":4},"end":{"line":35,"column":5}},{"start":{},"end":{}}]},"5":{"loc":{"start":{"line":39,"column":4},"end":{"line":44,"column":5}},"type":"if","locations":[{"start":{"line":39,"column":4},"end":{"line":44,"column":5}},{"start":{},"end":{}}]},"6":{"loc":{"start":{"line":59,"column":28},"end":{"line":59,"column":62}},"type":"binary-expr","locations":[{"start":{"line":59,"column":28},"end":{"line":59,"column":56}},{"start":{"line":59,"column":60},"end":{"line":59,"column":62}}]}},"s":{"0":0,"1":0,"2":0,"3":0,"4":0,"5":0,"6":0,"7":0,"8":0,"9":0,"10":0,"11":0,"12":0,"13":0,"14":0,"15":0,"16":0,"17":0,"18":0,"19":0},"f":{"0":0},"b":{"0":[0,0],"1":[0,0],"2":[0,0],"3":[0,0],"4":[0,0],"5":[0,0],"6":[0,0]}}
,"C:\\BTNGAI_files\\btng-api\\app\\api\\btng\\wallet\\balance\\[address]\\route.ts": {"path":"C:\\BTNGAI_files\\btng-api\\app\\api\\btng\\wallet\\balance\\[address]\\route.ts","statementMap":{"0":{"start":{"line":5,"column":0},"end":{"line":5,"column":7}},"1":{"start":{"line":1,"column":0},"end":{"line":1,"column":56}},"2":{"start":{"line":3,"column":22},"end":{"line":3,"column":50}},"3":{"start":{"line":9,"column":18},"end":{"line":9,"column":32}},"4":{"start":{"line":11,"column":2},"end":{"line":43,"column":3}},"5":{"start":{"line":12,"column":4},"end":{"line":17,"column":5}},"6":{"start":{"line":13,"column":6},"end":{"line":16,"column":8}},"7":{"start":{"line":19,"column":21},"end":{"line":25,"column":6}},"8":{"start":{"line":27,"column":4},"end":{"line":32,"column":5}},"9":{"start":{"line":28,"column":6},"end":{"line":31,"column":8}},"10":{"start":{"line":34,"column":17},"end":{"line":34,"column":38}},"11":{"start":{"line":35,"column":4},"end":{"line":35,"column":35}},"12":{"start":{"line":37,"column":4},"end":{"line":37,"column":49}},"13":{"start":{"line":39,"column":4},"end":{"line":42,"column":6}}},"fnMap":{"0":{"name":"GET","decl":{"start":{"line":5,"column":22},"end":{"line":5,"column":25}},"loc":{"start":{"line":7,"column":45},"end":{"line":44,"column":1}}}},"branchMap":{"0":{"loc":{"start":{"line":12,"column":4},"end":{"line":17,"column":5}},"type":"if","locations":[{"start":{"line":12,"column":4},"end":{"line":17,"column":5}},{"start":{},"end":{}}]},"1":{"loc":{"start":{"line":12,"column":8},"end":{"line":12,"column":80}},"type":"binary-expr","locations":[{"start":{"line":12,"column":8},"end":{"line":12,"column":16}},{"start":{"line":12,"column":21},"end":{"line":12,"column":49}},{"start":{"line":12,"column":53},"end":{"line":12,"column":79}}]},"2":{"loc":{"start":{"line":27,"column":4},"end":{"line":32,"column":5}},"type":"if","locations":[{"start":{"line":27,"column":4},"end":{"line":32,"column":5}},{"start":{},"end":{}}]}},"s":{"0":0,"1":0,"2":0,"3":0,"4":0,"5":0,"6":0,"7":0,"8":0,"9":0,"10":0,"11":0,"12":0,"13":0},"f":{"0":0},"b":{"0":[0,0],"1":[0,0,0],"2":[0,0]}}
,"C:\\BTNGAI_files\\btng-api\\app\\api\\btng\\wallet\\send\\route.ts": {"path":"C:\\BTNGAI_files\\btng-api\\app\\api\\btng\\wallet\\send\\route.ts","statementMap":{"0":{"start":{"line":5,"column":0},"end":{"line":5,"column":7}},"1":{"start":{"line":1,"column":0},"end":{"line":1,"column":56}},"2":{"start":{"line":3,"column":22},"end":{"line":3,"column":50}},"3":{"start":{"line":6,"column":2},"end":{"line":57,"column":3}},"4":{"start":{"line":7,"column":17},"end":{"line":7,"column":37}},"5":{"start":{"line":8,"column":49},"end":{"line":8,"column":53}},"6":{"start":{"line":11,"column":4},"end":{"line":16,"column":5}},"7":{"start":{"line":12,"column":6},"end":{"line":15,"column":8}},"8":{"start":{"line":18,"column":4},"end":{"line":23,"column":5}},"9":{"start":{"line":19,"column":6},"end":{"line":22,"column":8}},"10":{"start":{"line":25,"column":4},"end":{"line":30,"column":5}},"11":{"start":{"line":26,"column":6},"end":{"line":29,"column":8}},"12":{"start":{"line":32,"column":21},"end":{"line":39,"column":6}},"13":{"start":{"line":41,"column":4},"end":{"line":47,"column":5}},"14":{"start":{"line":42,"column":24},"end":{"line":42,"column":92}},"15":{"start":{"line":42,"column":59},"end":{"line":42,"column":90}},"16":{"start":{"line":43,"column":6},"end":{"line":46,"column":8}},"17":{"start":{"line":49,"column":17},"end":{"line":49,"column":38}},"18":{"start":{"line":50,"column":4},"end":{"line":50,"column":35}},"19":{"start":{"line":52,"column":4},"end":{"line":52,"column":52}},"20":{"start":{"line":53,"column":4},"end":{"line":56,"column":6}}},"fnMap":{"0":{"name":"POST","decl":{"start":{"line":5,"column":22},"end":{"line":5,"column":26}},"loc":{"start":{"line":5,"column":47},"end":{"line":58,"column":1}}},"1":{"name":"(anonymous_1)","decl":{"start":{"line":42,"column":52},"end":{"line":42,"column":55}},"loc":{"start":{"line":42,"column":59},"end":{"line":42,"column":90}}}},"branchMap":{"0":{"loc":{"start":{"line":11,"column":4},"end":{"line":16,"column":5}},"type":"if","locations":[{"start":{"line":11,"column":4},"end":{"line":16,"column":5}},{"start":{},"end":{}}]},"1":{"loc":{"start":{"line":11,"column":8},"end":{"line":11,"column":45}},"type":"binary-expr","locations":[{"start":{"line":11,"column":8},"end":{"line":11,"column":13}},{"start":{"line":11,"column":17},"end":{"line":11,"column":20}},{"start":{"line":11,"column":24},"end":{"line":11,"column":31}},{"start":{"line":11,"column":35},"end":{"line":11,"column":45}}]},"2":{"loc":{"start":{"line":18,"column":4},"end":{"line":23,"column":5}},"type":"if","locations":[{"start":{"line":18,"column":4},"end":{"line":23,"column":5}},{"start":{},"end":{}}]},"3":{"loc":{"start":{"line":18,"column":8},"end":{"line":18,"column":60}},"type":"binary-expr","locations":[{"start":{"line":18,"column":8},"end":{"line":18,"column":33}},{"start":{"line":18,"column":37},"end":{"line":18,"column":60}}]},"4":{"loc":{"start":{"line":25,"column":4},"end":{"line":30,"column":5}},"type":"if","locations":[{"start":{"line":25,"column":4},"end":{"line":30,"column":5}},{"start":{},"end":{}}]},"5":{"loc":{"start":{"line":25,"column":8},"end":{"line":25,"column":30}},"type":"binary-expr","locations":[{"start":{"line":25,"column":8},"end":{"line":25,"column":19}},{"start":{"line":25,"column":23},"end":{"line":25,"column":30}}]},"6":{"loc":{"start":{"line":41,"column":4},"end":{"line":47,"column":5}},"type":"if","locations":[{"start":{"line":41,"column":4},"end":{"line":47,"column":5}},{"start":{},"end":{}}]},"7":{"loc":{"start":{"line":44,"column":17},"end":{"line":44,"column":56}},"type":"binary-expr","locations":[{"start":{"line":44,"column":17},"end":{"line":44,"column":32}},{"start":{"line":44,"column":36},"end":{"line":44,"column":56}}]}},"s":{"0":0,"1":0,"2":0,"3":0,"4":0,"5":0,"6":0,"7":0,"8":0,"9":0,"10":0,"11":0,"12":0,"13":0,"14":0,"15":0,"16":0,"17":0,"18":0,"19":0,"20":0},"f":{"0":0,"1":0},"b":{"0":[0,0],"1":[0,0,0,0],"2":[0,0],"3":[0,0],"4":[0,0],"5":[0,0],"6":[0,0],"7":[0,0]}}
,"C:\\BTNGAI_files\\btng-api\\app\\api\\btng\\wallet\\transactions\\[address]\\route.ts": {"path":"C:\\BTNGAI_files\\btng-api\\app\\api\\btng\\wallet\\transactions\\[address]\\route.ts","statementMap":{"0":{"start":{"line":5,"column":0},"end":{"line":5,"column":7}},"1":{"start":{"line":1,"column":0},"end":{"line":1,"column":56}},"2":{"start":{"line":3,"column":22},"end":{"line":3,"column":50}},"3":{"start":{"line":9,"column":18},"end":{"line":9,"column":32}},"4":{"start":{"line":11,"column":2},"end":{"line":53,"column":3}},"5":{"start":{"line":12,"column":4},"end":{"line":17,"column":5}},"6":{"start":{"line":13,"column":6},"end":{"line":16,"column":8}},"7":{"start":{"line":19,"column":21},"end":{"line":25,"column":6}},"8":{"start":{"line":27,"column":4},"end":{"line":32,"column":5}},"9":{"start":{"line":28,"column":6},"end":{"line":31,"column":8}},"10":{"start":{"line":34,"column":17},"end":{"line":34,"column":38}},"11":{"start":{"line":35,"column":4},"end":{"line":35,"column":35}},"12":{"start":{"line":37,"column":4},"end":{"line":37,"column":54}},"13":{"start":{"line":39,"column":29},"end":{"line":48,"column":6}},"14":{"start":{"line":49,"column":4},"end":{"line":52,"column":6}}},"fnMap":{"0":{"name":"GET","decl":{"start":{"line":5,"column":22},"end":{"line":5,"column":25}},"loc":{"start":{"line":7,"column":45},"end":{"line":54,"column":1}}}},"branchMap":{"0":{"loc":{"start":{"line":12,"column":4},"end":{"line":17,"column":5}},"type":"if","locations":[{"start":{"line":12,"column":4},"end":{"line":17,"column":5}},{"start":{},"end":{}}]},"1":{"loc":{"start":{"line":12,"column":8},"end":{"line":12,"column":80}},"type":"binary-expr","locations":[{"start":{"line":12,"column":8},"end":{"line":12,"column":16}},{"start":{"line":12,"column":21},"end":{"line":12,"column":49}},{"start":{"line":12,"column":53},"end":{"line":12,"column":79}}]},"2":{"loc":{"start":{"line":27,"column":4},"end":{"line":32,"column":5}},"type":"if","locations":[{"start":{"line":27,"column":4},"end":{"line":32,"column":5}},{"start":{},"end":{}}]}},"s":{"0":0,"1":0,"2":0,"3":0,"4":0,"5":0,"6":0,"7":0,"8":0,"9":0,"10":0,"11":0,"12":0,"13":0,"14":0},"f":{"0":0},"b":{"0":[0,0],"1":[0,0,0],"2":[0,0]}}
,"C:\\BTNGAI_files\\btng-api\\app\\api\\dashboard\\imperial-reserve\\route.ts": {"path":"C:\\BTNGAI_files\\btng-api\\app\\api\\dashboard\\imperial-reserve\\route.ts","statementMap":{"0":{"start":{"line":80,"column":0},"end":{"line":80,"column":7}},"1":{"start":{"line":1,"column":0},"end":{"line":1,"column":56}},"2":{"start":{"line":2,"column":0},"end":{"line":2,"column":46}},"3":{"start":{"line":3,"column":0},"end":{"line":3,"column":54}},"4":{"start":{"line":4,"column":0},"end":{"line":4,"column":50}},"5":{"start":{"line":30,"column":25},"end":{"line":30,"column":42}},"6":{"start":{"line":31,"column":41},"end":{"line":31,"column":43}},"7":{"start":{"line":33,"column":27},"end":{"line":33,"column":28}},"8":{"start":{"line":34,"column":25},"end":{"line":34,"column":26}},"9":{"start":{"line":35,"column":27},"end":{"line":35,"column":28}},"10":{"start":{"line":36,"column":24},"end":{"line":36,"column":25}},"11":{"start":{"line":38,"column":4},"end":{"line":63,"column":5}},"12":{"start":{"line":40,"column":25},"end":{"line":40,"column":44}},"13":{"start":{"line":41,"column":28},"end":{"line":41,"column":71}},"14":{"start":{"line":42,"column":30},"end":{"line":42,"column":81}},"15":{"start":{"line":43,"column":28},"end":{"line":43,"column":73}},"16":{"start":{"line":44,"column":23},"end":{"line":44,"column":42}},"17":{"start":{"line":46,"column":8},"end":{"line":55,"column":11}},"18":{"start":{"line":57,"column":8},"end":{"line":62,"column":9}},"19":{"start":{"line":58,"column":12},"end":{"line":58,"column":28}},"20":{"start":{"line":59,"column":12},"end":{"line":59,"column":44}},"21":{"start":{"line":60,"column":12},"end":{"line":60,"column":44}},"22":{"start":{"line":61,"column":12},"end":{"line":61,"column":44}},"23":{"start":{"line":66,"column":29},"end":{"line":66,"column":91}},"24":{"start":{"line":68,"column":4},"end":{"line":77,"column":6}},"25":{"start":{"line":81,"column":4},"end":{"line":112,"column":5}},"26":{"start":{"line":82,"column":8},"end":{"line":82,"column":34}},"27":{"start":{"line":84,"column":28},"end":{"line":84,"column":58}},"28":{"start":{"line":85,"column":26},"end":{"line":85,"column":46}},"29":{"start":{"line":87,"column":8},"end":{"line":104,"column":11}},"30":{"start":{"line":107,"column":8},"end":{"line":107,"column":79}},"31":{"start":{"line":108,"column":8},"end":{"line":111,"column":10}}},"fnMap":{"0":{"name":"getImperialReserveData","decl":{"start":{"line":28,"column":15},"end":{"line":28,"column":37}},"loc":{"start":{"line":28,"column":37},"end":{"line":78,"column":1}}},"1":{"name":"GET","decl":{"start":{"line":80,"column":22},"end":{"line":80,"column":25}},"loc":{"start":{"line":80,"column":46},"end":{"line":113,"column":1}}}},"branchMap":{"0":{"loc":{"start":{"line":41,"column":28},"end":{"line":41,"column":71}},"type":"cond-expr","locations":[{"start":{"line":41,"column":39},"end":{"line":41,"column":67}},{"start":{"line":41,"column":70},"end":{"line":41,"column":71}}]},"1":{"loc":{"start":{"line":42,"column":30},"end":{"line":42,"column":81}},"type":"cond-expr","locations":[{"start":{"line":42,"column":41},"end":{"line":42,"column":77}},{"start":{"line":42,"column":80},"end":{"line":42,"column":81}}]},"2":{"loc":{"start":{"line":43,"column":28},"end":{"line":43,"column":73}},"type":"cond-expr","locations":[{"start":{"line":43,"column":39},"end":{"line":43,"column":69}},{"start":{"line":43,"column":72},"end":{"line":43,"column":73}}]},"3":{"loc":{"start":{"line":44,"column":23},"end":{"line":44,"column":42}},"type":"cond-expr","locations":[{"start":{"line":44,"column":34},"end":{"line":44,"column":38}},{"start":{"line":44,"column":41},"end":{"line":44,"column":42}}]},"4":{"loc":{"start":{"line":53,"column":20},"end":{"line":53,"column":51}},"type":"cond-expr","locations":[{"start":{"line":53,"column":31},"end":{"line":53,"column":39}},{"start":{"line":53,"column":42},"end":{"line":53,"column":51}}]},"5":{"loc":{"start":{"line":57,"column":8},"end":{"line":62,"column":9}},"type":"if","locations":[{"start":{"line":57,"column":8},"end":{"line":62,"column":9}},{"start":{},"end":{}}]},"6":{"loc":{"start":{"line":66,"column":29},"end":{"line":66,"column":91}},"type":"cond-expr","locations":[{"start":{"line":66,"column":52},"end":{"line":66,"column":87}},{"start":{"line":66,"column":90},"end":{"line":66,"column":91}}]},"7":{"loc":{"start":{"line":89,"column":30},"end":{"line":93,"column":20}},"type":"cond-expr","locations":[{"start":{"line":89,"column":42},"end":{"line":93,"column":14}},{"start":{"line":93,"column":16},"end":{"line":93,"column":20}}]}},"s":{"0":1,"1":1,"2":1,"3":1,"4":1,"5":2,"6":2,"7":2,"8":2,"9":2,"10":2,"11":2,"12":10,"13":10,"14":10,"15":10,"16":10,"17":10,"18":10,"19":8,"20":8,"21":8,"22":8,"23":2,"24":2,"25":2,"26":2,"27":2,"28":2,"29":2,"30":0,"31":0},"f":{"0":2,"1":2},"b":{"0":[8,2],"1":[8,2],"2":[8,2],"3":[8,2],"4":[8,2],"5":[8,2],"6":[2,0],"7":[2,0]}}
,"C:\\BTNGAI_files\\btng-api\\app\\api\\gold-coin\\route.ts": {"path":"C:\\BTNGAI_files\\btng-api\\app\\api\\gold-coin\\route.ts","statementMap":{"0":{"start":{"line":69,"column":0},"end":{"line":69,"column":7}},"1":{"start":{"line":1,"column":0},"end":{"line":1,"column":42}},"2":{"start":{"line":4,"column":29},"end":{"line":59,"column":2}},"3":{"start":{"line":62,"column":36},"end":{"line":65,"column":3}},"4":{"start":{"line":62,"column":73},"end":{"line":65,"column":2}},"5":{"start":{"line":67,"column":23},"end":{"line":67,"column":108}},"6":{"start":{"line":67,"column":76},"end":{"line":67,"column":104}},"7":{"start":{"line":70,"column":2},"end":{"line":87,"column":3}},"8":{"start":{"line":71,"column":4},"end":{"line":81,"column":7}},"9":{"start":{"line":77,"column":72},"end":{"line":77,"column":90}},"10":{"start":{"line":78,"column":74},"end":{"line":78,"column":94}},"11":{"start":{"line":83,"column":4},"end":{"line":86,"column":6}}},"fnMap":{"0":{"name":"(anonymous_0)","decl":{"start":{"line":62,"column":61},"end":{"line":62,"column":68}},"loc":{"start":{"line":62,"column":73},"end":{"line":65,"column":2}}},"1":{"name":"(anonymous_1)","decl":{"start":{"line":67,"column":58},"end":{"line":67,"column":59}},"loc":{"start":{"line":67,"column":76},"end":{"line":67,"column":104}}},"2":{"name":"GET","decl":{"start":{"line":69,"column":22},"end":{"line":69,"column":25}},"loc":{"start":{"line":69,"column":25},"end":{"line":88,"column":1}}},"3":{"name":"(anonymous_3)","decl":{"start":{"line":77,"column":60},"end":{"line":77,"column":61}},"loc":{"start":{"line":77,"column":72},"end":{"line":77,"column":90}}},"4":{"name":"(anonymous_4)","decl":{"start":{"line":78,"column":62},"end":{"line":78,"column":63}},"loc":{"start":{"line":78,"column":74},"end":{"line":78,"column":94}}}},"branchMap":{},"s":{"0":0,"1":0,"2":0,"3":0,"4":0,"5":0,"6":0,"7":0,"8":0,"9":0,"10":0,"11":0},"f":{"0":0,"1":0,"2":0,"3":0,"4":0},"b":{}}
,"C:\\BTNGAI_files\\btng-api\\app\\api\\health\\route.ts": {"path":"C:\\BTNGAI_files\\btng-api\\app\\api\\health\\route.ts","statementMap":{"0":{"start":{"line":3,"column":0},"end":{"line":3,"column":7}},"1":{"start":{"line":1,"column":0},"end":{"line":1,"column":42}},"2":{"start":{"line":4,"column":23},"end":{"line":36,"column":null}},"3":{"start":{"line":38,"column":2},"end":{"line":44,"column":null}}},"fnMap":{"0":{"name":"GET","decl":{"start":{"line":3,"column":22},"end":{"line":3,"column":25}},"loc":{"start":{"line":3,"column":25},"end":{"line":45,"column":1}}}},"branchMap":{},"s":{"0":1,"1":1,"2":1,"3":1},"f":{"0":1},"b":{}}
,"C:\\BTNGAI_files\\btng-api\\app\\api\\identity\\create\\route.ts": {"path":"C:\\BTNGAI_files\\btng-api\\app\\api\\identity\\create\\route.ts","statementMap":{"0":{"start":{"line":5,"column":0},"end":{"line":5,"column":7}},"1":{"start":{"line":1,"column":0},"end":{"line":1,"column":55}},"2":{"start":{"line":2,"column":0},"end":{"line":2,"column":91}},"3":{"start":{"line":6,"column":2},"end":{"line":59,"column":3}},"4":{"start":{"line":7,"column":17},"end":{"line":7,"column":37}},"5":{"start":{"line":8,"column":64},"end":{"line":8,"column":68}},"6":{"start":{"line":11,"column":27},"end":{"line":11,"column":51}},"7":{"start":{"line":14,"column":34},"end":{"line":22,"column":null}},"8":{"start":{"line":25,"column":21},"end":{"line":25,"column":52}},"9":{"start":{"line":27,"column":4},"end":{"line":32,"column":5}},"10":{"start":{"line":28,"column":6},"end":{"line":31,"column":null}},"11":{"start":{"line":35,"column":4},"end":{"line":35,"column":null}},"12":{"start":{"line":37,"column":4},"end":{"line":51,"column":null}},"13":{"start":{"line":54,"column":4},"end":{"line":54,"column":null}},"14":{"start":{"line":55,"column":4},"end":{"line":58,"column":null}}},"fnMap":{"0":{"name":"POST","decl":{"start":{"line":5,"column":22},"end":{"line":5,"column":26}},"loc":{"start":{"line":5,"column":47},"end":{"line":60,"column":1}}}},"branchMap":{"0":{"loc":{"start":{"line":8,"column":33},"end":{"line":8,"column":59}},"type":"default-arg","locations":[{"start":{"line":8,"column":52},"end":{"line":8,"column":59}}]},"1":{"loc":{"start":{"line":27,"column":4},"end":{"line":32,"column":5}},"type":"if","locations":[{"start":{"line":27,"column":4},"end":{"line":32,"column":5}},{"start":{},"end":{}}]}},"s":{"0":1,"1":1,"2":1,"3":2,"4":2,"5":2,"6":2,"7":2,"8":2,"9":2,"10":1,"11":1,"12":1,"13":0,"14":0},"f":{"0":2},"b":{"0":[1],"1":[1,1]}}
,"C:\\BTNGAI_files\\btng-api\\app\\api\\merchant\\deployment-package\\route.ts": {"path":"C:\\BTNGAI_files\\btng-api\\app\\api\\merchant\\deployment-package\\route.ts","statementMap":{"0":{"start":{"line":3,"column":0},"end":{"line":3,"column":7}},"1":{"start":{"line":1,"column":0},"end":{"line":1,"column":42}},"2":{"start":{"line":4,"column":27},"end":{"line":28,"column":null}},"3":{"start":{"line":30,"column":4},"end":{"line":35,"column":null}}},"fnMap":{"0":{"name":"GET","decl":{"start":{"line":3,"column":22},"end":{"line":3,"column":25}},"loc":{"start":{"line":3,"column":25},"end":{"line":36,"column":1}}}},"branchMap":{"0":{"loc":{"start":{"line":10,"column":27},"end":{"line":10,"column":130}},"type":"binary-expr","locations":[{"start":{"line":10,"column":27},"end":{"line":10,"column":68}},{"start":{"line":10,"column":72},"end":{"line":10,"column":130}}]},"1":{"loc":{"start":{"line":11,"column":23},"end":{"line":11,"column":90}},"type":"binary-expr","locations":[{"start":{"line":11,"column":23},"end":{"line":11,"column":56}},{"start":{"line":11,"column":60},"end":{"line":11,"column":90}}]},"2":{"loc":{"start":{"line":12,"column":22},"end":{"line":12,"column":87}},"type":"binary-expr","locations":[{"start":{"line":12,"column":22},"end":{"line":12,"column":64}},{"start":{"line":12,"column":68},"end":{"line":12,"column":87}}]},"3":{"loc":{"start":{"line":13,"column":29},"end":{"line":13,"column":119}},"type":"binary-expr","locations":[{"start":{"line":13,"column":29},"end":{"line":13,"column":72}},{"start":{"line":13,"column":76},"end":{"line":13,"column":119}}]}},"s":{"0":1,"1":1,"2":1,"3":1},"f":{"0":1},"b":{"0":[1,1],"1":[1,1],"2":[1,1],"3":[1,1]}}
,"C:\\BTNGAI_files\\btng-api\\app\\api\\pov\\route.ts": {"path":"C:\\BTNGAI_files\\btng-api\\app\\api\\pov\\route.ts","statementMap":{"0":{"start":{"line":8,"column":0},"end":{"line":8,"column":7}},"1":{"start":{"line":42,"column":0},"end":{"line":42,"column":7}},"2":{"start":{"line":121,"column":0},"end":{"line":121,"column":7}},"3":{"start":{"line":1,"column":0},"end":{"line":1,"column":55}},"4":{"start":{"line":2,"column":0},"end":{"line":2,"column":76}},"5":{"start":{"line":9,"column":2},"end":{"line":36,"column":3}},"6":{"start":{"line":10,"column":29},"end":{"line":10,"column":49}},"7":{"start":{"line":11,"column":22},"end":{"line":11,"column":51}},"8":{"start":{"line":13,"column":4},"end":{"line":18,"column":5}},"9":{"start":{"line":14,"column":6},"end":{"line":17,"column":null}},"10":{"start":{"line":22,"column":24},"end":{"line":22,"column":53}},"11":{"start":{"line":24,"column":4},"end":{"line":28,"column":null}},"12":{"start":{"line":31,"column":4},"end":{"line":31,"column":null}},"13":{"start":{"line":32,"column":4},"end":{"line":35,"column":null}},"14":{"start":{"line":43,"column":2},"end":{"line":115,"column":3}},"15":{"start":{"line":44,"column":17},"end":{"line":44,"column":37}},"16":{"start":{"line":51,"column":8},"end":{"line":51,"column":12}},"17":{"start":{"line":54,"column":4},"end":{"line":59,"column":5}},"18":{"start":{"line":55,"column":6},"end":{"line":58,"column":null}},"19":{"start":{"line":62,"column":23},"end":{"line":62,"column":65}},"20":{"start":{"line":63,"column":4},"end":{"line":68,"column":5}},"21":{"start":{"line":64,"column":6},"end":{"line":67,"column":null}},"22":{"start":{"line":71,"column":25},"end":{"line":71,"column":59}},"23":{"start":{"line":74,"column":27},"end":{"line":81,"column":null}},"24":{"start":{"line":85,"column":24},"end":{"line":86,"column":null}},"25":{"start":{"line":88,"column":21},"end":{"line":88,"column":51}},"26":{"start":{"line":90,"column":4},"end":{"line":95,"column":5}},"27":{"start":{"line":91,"column":6},"end":{"line":94,"column":null}},"28":{"start":{"line":97,"column":4},"end":{"line":107,"column":null}},"29":{"start":{"line":110,"column":4},"end":{"line":110,"column":null}},"30":{"start":{"line":111,"column":4},"end":{"line":114,"column":null}},"31":{"start":{"line":122,"column":2},"end":{"line":150,"column":3}},"32":{"start":{"line":123,"column":17},"end":{"line":123,"column":37}},"33":{"start":{"line":124,"column":42},"end":{"line":124,"column":46}},"34":{"start":{"line":126,"column":4},"end":{"line":131,"column":5}},"35":{"start":{"line":127,"column":6},"end":{"line":130,"column":null}},"36":{"start":{"line":135,"column":21},"end":{"line":135,"column":25}},"37":{"start":{"line":137,"column":4},"end":{"line":142,"column":null}},"38":{"start":{"line":145,"column":4},"end":{"line":145,"column":null}},"39":{"start":{"line":146,"column":4},"end":{"line":149,"column":null}}},"fnMap":{"0":{"name":"GET","decl":{"start":{"line":8,"column":22},"end":{"line":8,"column":25}},"loc":{"start":{"line":8,"column":46},"end":{"line":37,"column":1}}},"1":{"name":"POST","decl":{"start":{"line":42,"column":22},"end":{"line":42,"column":26}},"loc":{"start":{"line":42,"column":47},"end":{"line":116,"column":1}}},"2":{"name":"PUT","decl":{"start":{"line":121,"column":22},"end":{"line":121,"column":25}},"loc":{"start":{"line":121,"column":46},"end":{"line":151,"column":1}}}},"branchMap":{"0":{"loc":{"start":{"line":13,"column":4},"end":{"line":18,"column":5}},"type":"if","locations":[{"start":{"line":13,"column":4},"end":{"line":18,"column":5}},{"start":{},"end":{}}]},"1":{"loc":{"start":{"line":54,"column":4},"end":{"line":59,"column":5}},"type":"if","locations":[{"start":{"line":54,"column":4},"end":{"line":59,"column":5}},{"start":{},"end":{}}]},"2":{"loc":{"start":{"line":54,"column":8},"end":{"line":54,"column":58}},"type":"binary-expr","locations":[{"start":{"line":54,"column":8},"end":{"line":54,"column":23}},{"start":{"line":54,"column":27},"end":{"line":54,"column":32}},{"start":{"line":54,"column":36},"end":{"line":54,"column":43}},{"start":{"line":54,"column":47},"end":{"line":54,"column":58}}]},"3":{"loc":{"start":{"line":63,"column":4},"end":{"line":68,"column":5}},"type":"if","locations":[{"start":{"line":63,"column":4},"end":{"line":68,"column":5}},{"start":{},"end":{}}]},"4":{"loc":{"start":{"line":80,"column":18},"end":{"line":80,"column":32}},"type":"binary-expr","locations":[{"start":{"line":80,"column":18},"end":{"line":80,"column":26}},{"start":{"line":80,"column":30},"end":{"line":80,"column":32}}]},"5":{"loc":{"start":{"line":90,"column":4},"end":{"line":95,"column":5}},"type":"if","locations":[{"start":{"line":90,"column":4},"end":{"line":95,"column":5}},{"start":{},"end":{}}]},"6":{"loc":{"start":{"line":126,"column":4},"end":{"line":131,"column":5}},"type":"if","locations":[{"start":{"line":126,"column":4},"end":{"line":131,"column":5}},{"start":{},"end":{}}]}},"s":{"0":0,"1":0,"2":0,"3":0,"4":0,"5":0,"6":0,"7":0,"8":0,"9":0,"10":0,"11":0,"12":0,"13":0,"14":0,"15":0,"16":0,"17":0,"18":0,"19":0,"20":0,"21":0,"22":0,"23":0,"24":0,"25":0,"26":0,"27":0,"28":0,"29":0,"30":0,"31":0,"32":0,"33":0,"34":0,"35":0,"36":0,"37":0,"38":0,"39":0},"f":{"0":0,"1":0,"2":0},"b":{"0":[0,0],"1":[0,0],"2":[0,0,0,0],"3":[0,0],"4":[0,0],"5":[0,0],"6":[0,0]}}
[...]
art":{"line":109,"column":21},"end":{"line":109,"column":22}},"loc":{"start":{"line":109,"column":29},"end":{"line":111,"column":13}}},"4":{"name":"toCanonicalJson","decl":{"start":{"line":118,"column":9},"end":{"line":118,"column":24}},"loc":{"start":{"line":118,"column":39},"end":{"line":120,"column":1}}},"5":{"name":"hashSnapshot","decl":{"start":{"line":122,"column":9},"end":{"line":122,"column":21}},"loc":{"start":{"line":122,"column":34},"end":{"line":124,"column":1}}},"6":{"name":"loadKeyFromEnvOrFile","decl":{"start":{"line":126,"column":9},"end":{"line":126,"column":29}},"loc":{"start":{"line":126,"column":72},"end":{"line":143,"column":1}}},"7":{"name":"getWatchtowerPublicKey","decl":{"start":{"line":145,"column":9},"end":{"line":145,"column":31}},"loc":{"start":{"line":145,"column":31},"end":{"line":147,"column":1}}},"8":{"name":"getWatchtowerPrivateKey","decl":{"start":{"line":149,"column":9},"end":{"line":149,"column":32}},"loc":{"start":{"line":149,"column":32},"end":{"line":151,"column":1}}},"9":{"name":"toUnixSeconds","decl":{"start":{"line":153,"column":9},"end":{"line":153,"column":22}},"loc":{"start":{"line":153,"column":45},"end":{"line":155,"column":1}}},"10":{"name":"normalizeRegistrationPayload","decl":{"start":{"line":157,"column":9},"end":{"line":157,"column":37}},"loc":{"start":{"line":157,"column":70},"end":{"line":165,"column":1}}},"11":{"name":"serializeRegistrationPayload","decl":{"start":{"line":167,"column":9},"end":{"line":167,"column":37}},"loc":{"start":{"line":173,"column":1},"end":{"line":181,"column":1}}},"12":{"name":"verifyNodeSignature","decl":{"start":{"line":183,"column":9},"end":{"line":183,"column":28}},"loc":{"start":{"line":183,"column":86},"end":{"line":188,"column":1}}},"13":{"name":"signSnapshot","decl":{"start":{"line":190,"column":9},"end":{"line":190,"column":21}},"loc":{"start":{"line":190,"column":54},"end":{"line":195,"column":1}}},"14":{"name":"isDocumentationIdentityEnforcementEnabled","decl":{"start":{"line":197,"column":9},"end":{"line":197,"column":50}},"loc":{"start":{"line":197,"column":50},"end":{"line":199,"column":1}}},"15":{"name":"getDocumentationIdentityErrorMessage","decl":{"start":{"line":201,"column":9},"end":{"line":201,"column":45}},"loc":{"start":{"line":201,"column":60},"end":{"line":203,"column":1}}},"16":{"name":"getRegisteredNodes","decl":{"start":{"line":205,"column":9},"end":{"line":205,"column":27}},"loc":{"start":{"line":205,"column":27},"end":{"line":214,"column":1}}},"17":{"name":"(anonymous_17)","decl":{"start":{"line":207,"column":45},"end":{"line":207,"column":46}},"loc":{"start":{"line":207,"column":56},"end":{"line":213,"column":6}}},"18":{"name":"mergeNodes","decl":{"start":{"line":216,"column":9},"end":{"line":216,"column":19}},"loc":{"start":{"line":216,"column":81},"end":{"line":221,"column":1}}},"19":{"name":"(anonymous_19)","decl":{"start":{"line":218,"column":24},"end":{"line":218,"column":25}},"loc":{"start":{"line":218,"column":34},"end":{"line":218,"column":59}}},"20":{"name":"(anonymous_20)","decl":{"start":{"line":219,"column":25},"end":{"line":219,"column":26}},"loc":{"start":{"line":219,"column":35},"end":{"line":219,"column":60}}},"21":{"name":"normalizeNodesFromEnv","decl":{"start":{"line":223,"column":9},"end":{"line":223,"column":30}},"loc":{"start":{"line":223,"column":30},"end":{"line":252,"column":1}}},"22":{"name":"(anonymous_22)","decl":{"start":{"line":231,"column":13},"end":{"line":231,"column":14}},"loc":{"start":{"line":231,"column":24},"end":{"line":231,"column":36}}},"23":{"name":"(anonymous_23)","decl":{"start":{"line":233,"column":13},"end":{"line":233,"column":14}},"loc":{"start":{"line":233,"column":30},"end":{"line":248,"column":9}}},"24":{"name":"(anonymous_24)","decl":{"start":{"line":234,"column":80},"end":{"line":234,"column":81}},"loc":{"start":{"line":234,"column":90},"end":{"line":234,"column":101}}},"25":{"name":"(anonymous_25)","decl":{"start":{"line":249,"column":16},"end":{"line":249,"column":17}},"loc":{"start":{"line":249,"column":50},"end":{"line":249,"column":63}}},"26":{"name":"readNodePulse","decl":{"start":{"line":254,"column":15},"end":{"line":254,"column":28}},"loc":{"start":{"line":254,"column":74},"end":{"line":306,"column":1}}},"27":{"name":"(anonymous_27)","decl":{"start":{"line":257,"column":31},"end":{"line":257,"column":34}},"loc":{"start":{"line":257,"column":37},"end":{"line":257,"column":55}}},"28":{"name":"GET","decl":{"start":{"line":308,"column":22},"end":{"line":308,"column":25}},"loc":{"start":{"line":308,"column":25},"end":{"line":446,"column":1}}},"29":{"name":"(anonymous_29)","decl":{"start":{"line":342,"column":47},"end":{"line":342,"column":48}},"loc":{"start":{"line":342,"column":57},"end":{"line":342,"column":88}}},"30":{"name":"(anonymous_30)","decl":{"start":{"line":343,"column":38},"end":{"line":343,"column":39}},"loc":{"start":{"line":343,"column":49},"end":{"line":343,"column":74}}},"31":{"name":"(anonymous_31)","decl":{"start":{"line":346,"column":8},"end":{"line":346,"column":9}},"loc":{"start":{"line":346,"column":25},"end":{"line":346,"column":74}}},"32":{"name":"(anonymous_32)","decl":{"start":{"line":350,"column":16},"end":{"line":350,"column":17}},"loc":{"start":{"line":350,"column":26},"end":{"line":350,"column":91}}},"33":{"name":"(anonymous_33)","decl":{"start":{"line":350,"column":38},"end":{"line":350,"column":39}},"loc":{"start":{"line":350,"column":49},"end":{"line":350,"column":69}}},"34":{"name":"(anonymous_34)","decl":{"start":{"line":351,"column":16},"end":{"line":351,"column":17}},"loc":{"start":{"line":351,"column":31},"end":{"line":351,"column":48}}},"35":{"name":"(anonymous_35)","decl":{"start":{"line":356,"column":37},"end":{"line":356,"column":38}},"loc":{"start":{"line":356,"column":47},"end":{"line":374,"column":5}}},"36":{"name":"POST","decl":{"start":{"line":448,"column":22},"end":{"line":448,"column":26}},"loc":{"start":{"line":448,"column":47},"end":{"line":596,"column":1}}}},"branchMap":{"0":{"loc":{"start":{"line":81,"column":4},"end":{"line":87,"column":5}},"type":"if","locations":[{"start":{"line":81,"column":4},"end":{"line":87,"column":5}},{"start":{},"end":{}}]},"1":{"loc":{"start":{"line":89,"column":4},"end":{"line":91,"column":5}},"type":"if","locations":[{"start":{"line":89,"column":4},"end":{"line":91,"column":5}},{"start":{},"end":{}}]},"2":{"loc":{"start":{"line":93,"column":4},"end":{"line":95,"column":5}},"type":"if","locations":[{"start":{"line":93,"column":4},"end":{"line":95,"column":5}},{"start":{},"end":{}}]},"3":{"loc":{"start":{"line":101,"column":4},"end":{"line":103,"column":5}},"type":"if","locations":[{"start":{"line":101,"column":4},"end":{"line":103,"column":5}},{"start":{},"end":{}}]},"4":{"loc":{"start":{"line":105,"column":4},"end":{"line":113,"column":5}},"type":"if","locations":[{"start":{"line":105,"column":4},"end":{"line":113,"column":5}},{"start":{},"end":{}}]},"5":{"loc":{"start":{"line":105,"column":8},"end":{"line":105,"column":42}},"type":"binary-expr","locations":[{"start":{"line":105,"column":8},"end":{"line":105,"column":13}},{"start":{"line":105,"column":17},"end":{"line":105,"column":42}}]},"6":{"loc":{"start":{"line":128,"column":4},"end":{"line":130,"column":5}},"type":"if","locations":[{"start":{"line":128,"column":4},"end":{"line":130,"column":5}},{"start":{},"end":{}}]},"7":{"loc":{"start":{"line":133,"column":4},"end":{"line":135,"column":5}},"type":"if","locations":[{"start":{"line":133,"column":4},"end":{"line":135,"column":5}},{"start":{},"end":{}}]},"8":{"loc":{"start":{"line":137,"column":25},"end":{"line":137,"column":103}},"type":"cond-expr","locations":[{"start":{"line":137,"column":52},"end":{"line":137,"column":64}},{"start":{"line":137,"column":67},"end":{"line":137,"column":103}}]},"9":{"loc":{"start":{"line":154,"column":11},"end":{"line":154,"column":110}},"type":"cond-expr","locations":[{"start":{"line":154,"column":48},"end":{"line":154,"column":81}},{"start":{"line":154,"column":84},"end":{"line":154,"column":110}}]},"10":{"loc":{"start":{"line":198,"column":18},"end":{"line":198,"column":75}},"type":"binary-expr","locations":[{"start":{"line":198,"column":18},"end":{"line":198,"column":65}},{"start":{"line":198,"column":69},"end":{"line":198,"column":75}}]},"11":{"loc":{"start":{"line":202,"column":11},"end":{"line":202,"column":65}},"type":"binary-expr","locations":[{"start":{"line":202,"column":11},"end":{"line":202,"column":16}},{"start":{"line":202,"column":20},"end":{"line":202,"column":65}}]},"12":{"loc":{"start":{"line":225,"column":4},"end":{"line":227,"column":5}},"type":"if","locations":[{"start":{"line":225,"column":4},"end":{"line":227,"column":5}},{"start":{},"end":{}}]},"13":{"loc":{"start":{"line":235,"column":12},"end":{"line":237,"column":13}},"type":"if","locations":[{"start":{"line":235,"column":12},"end":{"line":237,"column":13}},{"start":{},"end":{}}]},"14":{"loc":{"start":{"line":235,"column":16},"end":{"line":235,"column":34}},"type":"binary-expr","locations":[{"start":{"line":235,"column":16},"end":{"line":235,"column":21}},{"start":{"line":235,"column":25},"end":{"line":235,"column":34}}]},"15":{"loc":{"start":{"line":239,"column":31},"end":{"line":239,"column":106}},"type":"cond-expr","locations":[{"start":{"line":239,"column":70},"end":{"line":239,"column":102}},{"start":{"line":239,"column":105},"end":{"line":239,"column":106}}]},"16":{"loc":{"start":{"line":245,"column":25},"end":{"line":245,"column":45}},"type":"binary-expr","locations":[{"start":{"line":245,"column":25},"end":{"line":245,"column":32}},{"start":{"line":245,"column":36},"end":{"line":245,"column":45}}]},"17":{"loc":{"start":{"line":251,"column":11},"end":{"line":251,"column":53}},"type":"cond-expr","locations":[{"start":{"line":251,"column":31},"end":{"line":251,"column":37}},{"start":{"line":251,"column":40},"end":{"line":251,"column":53}}]},"18":{"loc":{"start":{"line":271,"column":8},"end":{"line":273,"column":9}},"type":"if","locations":[{"start":{"line":271,"column":8},"end":{"line":273,"column":9}},{"start":{},"end":{}}]},"19":{"loc":{"start":{"line":277,"column":28},"end":{"line":279,"column":29}},"type":"cond-expr","locations":[{"start":{"line":278,"column":14},"end":{"line":278,"column":27}},{"start":{"line":279,"column":14},"end":{"line":279,"column":29}}]},"20":{"loc":{"start":{"line":277,"column":28},"end":{"line":277,"column":95}},"type":"binary-expr","locations":[{"start":{"line":277,"column":28},"end":{"line":277,"column":61}},{"start":{"line":277,"column":65},"end":{"line":277,"column":95}}]},"21":{"loc":{"start":{"line":289,"column":23},"end":{"line":289,"column":91}},"type":"cond-expr","locations":[{"start":{"line":289,"column":56},"end":{"line":289,"column":71}},{"start":{"line":289,"column":74},"end":{"line":289,"column":91}}]},"22":{"loc":{"start":{"line":310,"column":4},"end":{"line":331,"column":5}},"type":"if","locations":[{"start":{"line":310,"column":4},"end":{"line":331,"column":5}},{"start":{},"end":{}}]},"23":{"loc":{"start":{"line":310,"column":8},"end":{"line":310,"column":86}},"type":"binary-expr","locations":[{"start":{"line":310,"column":8},"end":{"line":310,"column":51}},{"start":{"line":310,"column":55},"end":{"line":310,"column":86}}]},"24":{"loc":{"start":{"line":320,"column":33},"end":{"line":320,"column":89}},"type":"binary-expr","locations":[{"start":{"line":320,"column":33},"end":{"line":320,"column":81}},{"start":{"line":320,"column":85},"end":{"line":320,"column":89}}]},"25":{"loc":{"start":{"line":338,"column":23},"end":{"line":340,"column":15}},"type":"cond-expr","locations":[{"start":{"line":339,"column":10},"end":{"line":339,"column":56}},{"start":{"line":340,"column":10},"end":{"line":340,"column":15}}]},"26":{"loc":{"start":{"line":346,"column":25},"end":{"line":346,"column":74}},"type":"cond-expr","locations":[{"start":{"line":346,"column":51},"end":{"line":346,"column":68}},{"start":{"line":346,"column":71},"end":{"line":346,"column":74}}]},"27":{"loc":{"start":{"line":362,"column":16},"end":{"line":362,"column":58}},"type":"binary-expr","locations":[{"start":{"line":362,"column":16},"end":{"line":362,"column":34}},{"start":{"line":362,"column":38},"end":{"line":362,"column":58}}]},"28":{"loc":{"start":{"line":363,"column":18},"end":{"line":363,"column":72}},"type":"binary-expr","locations":[{"start":{"line":363,"column":18},"end":{"line":363,"column":38}},{"start":{"line":363,"column":42},"end":{"line":363,"column":72}}]},"29":{"loc":{"start":{"line":363,"column":49},"end":{"line":363,"column":71}},"type":"binary-expr","locations":[{"start":{"line":363,"column":49},"end":{"line":363,"column":65}},{"start":{"line":363,"column":69},"end":{"line":363,"column":71}}]},"30":{"loc":{"start":{"line":364,"column":18},"end":{"line":364,"column":59}},"type":"binary-expr","locations":[{"start":{"line":364,"column":18},"end":{"line":364,"column":38}},{"start":{"line":364,"column":42},"end":{"line":364,"column":59}}]},"31":{"loc":{"start":{"line":403,"column":30},"end":{"line":403,"column":88}},"type":"cond-expr","locations":[{"start":{"line":403,"column":43},"end":{"line":403,"column":81}},{"start":{"line":403,"column":84},"end":{"line":403,"column":88}}]},"32":{"loc":{"start":{"line":432,"column":29},"end":{"line":432,"column":85}},"type":"binary-expr","locations":[{"start":{"line":432,"column":29},"end":{"line":432,"column":77}},{"start":{"line":432,"column":81},"end":{"line":432,"column":85}}]},"33":{"loc":{"start":{"line":433,"column":27},"end":{"line":433,"column":81}},"type":"binary-expr","locations":[{"start":{"line":433,"column":27},"end":{"line":433,"column":73}},{"start":{"line":433,"column":77},"end":{"line":433,"column":81}}]},"34":{"loc":{"start":{"line":434,"column":24},"end":{"line":434,"column":75}},"type":"binary-expr","locations":[{"start":{"line":434,"column":24},"end":{"line":434,"column":67}},{"start":{"line":434,"column":71},"end":{"line":434,"column":75}}]},"35":{"loc":{"start":{"line":435,"column":36},"end":{"line":435,"column":109}},"type":"binary-expr","locations":[{"start":{"line":435,"column":36},"end":{"line":435,"column":91}},{"start":{"line":435,"column":95},"end":{"line":435,"column":109}}]},"36":{"loc":{"start":{"line":436,"column":27},"end":{"line":436,"column":82}},"type":"binary-expr","locations":[{"start":{"line":436,"column":27},"end":{"line":436,"column":77}},{"start":{"line":436,"column":81},"end":{"line":436,"column":82}}]},"37":{"loc":{"start":{"line":450,"column":4},"end":{"line":466,"column":5}},"type":"if","locations":[{"start":{"line":450,"column":4},"end":{"line":466,"column":5}},{"start":{},"end":{}}]},"38":{"loc":{"start":{"line":450,"column":8},"end":{"line":450,"column":86}},"type":"binary-expr","locations":[{"start":{"line":450,"column":8},"end":{"line":450,"column":51}},{"start":{"line":450,"column":55},"end":{"line":450,"column":86}}]},"39":{"loc":{"start":{"line":460,"column":33},"end":{"line":460,"column":89}},"type":"binary-expr","locations":[{"start":{"line":460,"column":33},"end":{"line":460,"column":81}},{"start":{"line":460,"column":85},"end":{"line":460,"column":89}}]},"40":{"loc":{"start":{"line":469,"column":4},"end":{"line":477,"column":5}},"type":"if","locations":[{"start":{"line":469,"column":4},"end":{"line":477,"column":5}},{"start":{},"end":{}}]},"41":{"loc":{"start":{"line":500,"column":8},"end":{"line":500,"column":27}},"type":"default-arg","locations":[{"start":{"line":500,"column":18},"end":{"line":500,"column":27}}]},"42":{"loc":{"start":{"line":505,"column":4},"end":{"line":513,"column":5}},"type":"if","locations":[{"start":{"line":505,"column":4},"end":{"line":513,"column":5}},{"start":{},"end":{}}]},"43":{"loc":{"start":{"line":505,"column":8},"end":{"line":505,"column":118}},"type":"binary-expr","locations":[{"start":{"line":505,"column":8},"end":{"line":505,"column":15}},{"start":{"line":505,"column":19},"end":{"line":505,"column":22}},{"start":{"line":505,"column":26},"end":{"line":505,"column":31}},{"start":{"line":505,"column":35},"end":{"line":505,"column":45}},{"start":{"line":505,"column":49},"end":{"line":505,"column":79}},{"start":{"line":505,"column":83},"end":{"line":505,"column":118}}]},"44":{"loc":{"start":{"line":515,"column":27},"end":{"line":517,"column":44}},"type":"cond-expr","locations":[{"start":{"line":516,"column":10},"end":{"line":516,"column":72}},{"start":{"line":517,"column":10},"end":{"line":517,"column":44}}]},"45":{"loc":{"start":{"line":521,"column":4},"end":{"line":529,"column":5}},"type":"if","locations":[{"start":{"line":521,"column":4},"end":{"line":529,"column":5}},{"start":{},"end":{}}]},"46":{"loc":{"start":{"line":533,"column":4},"end":{"line":541,"column":5}},"type":"if","locations":[{"start":{"line":533,"column":4},"end":{"line":541,"column":5}},{"start":{},"end":{}}]},"47":{"loc":{"start":{"line":533,"column":8},"end":{"line":533,"column":67}},"type":"binary-expr","locations":[{"start":{"line":533,"column":8},"end":{"line":533,"column":16}},{"start":{"line":533,"column":20},"end":{"line":533,"column":67}}]},"48":{"loc":{"start":{"line":552,"column":4},"end":{"line":560,"column":5}},"type":"if","locations":[{"start":{"line":552,"column":4},"end":{"line":560,"column":5}},{"start":{},"end":{}}]},"49":{"loc":{"start":{"line":562,"column":23},"end":{"line":562,"column":88}},"type":"cond-expr","locations":[{"start":{"line":562,"column":57},"end":{"line":562,"column":84}},{"start":{"line":562,"column":87},"end":{"line":562,"column":88}}]},"50":{"loc":{"start":{"line":565,"column":14},"end":{"line":565,"column":49}},"type":"binary-expr","locations":[{"start":{"line":565,"column":14},"end":{"line":565,"column":26}},{"start":{"line":565,"column":30},"end":{"line":565,"column":49}}]},"51":{"loc":{"start":{"line":567,"column":17},"end":{"line":567,"column":44}},"type":"binary-expr","locations":[{"start":{"line":567,"column":17},"end":{"line":567,"column":31}},{"start":{"line":567,"column":35},"end":{"line":567,"column":44}}]}},"s":{"0":1,"1":1,"2":1,"3":1,"4":1,"5":1,"6":1,"7":1,"8":1,"9":1,"10":8,"11":1,"12":8,"13":0,"14":8,"15":0,"16":8,"17":144,"18":4,"19":8,"20":140,"21":16,"22":16,"23":132,"24":16,"25":124,"26":4,"27":4,"28":8,"29":8,"30":0,"31":8,"32":8,"33":8,"34":0,"35":0,"36":0,"37":0,"38":4,"39":4,"40":0,"41":0,"42":0,"43":0,"44":0,"45":0,"46":0,"47":0,"48":0,"49":0,"50":0,"51":4,"52":0,"53":4,"54":4,"55":0,"56":4,"57":4,"58":8,"59":4,"60":0,"61":4,"62":4,"63":4,"64":4,"65":0,"66":0,"67":0,"68":0,"69":0,"70":0,"71":0,"72":0,"73":0,"74":0,"75":8,"76":8,"77":8,"78":0,"79":8,"80":8,"81":8,"82":8,"83":0,"84":8,"85":8,"86":8,"87":8,"88":0,"89":0,"90":4,"91":4,"92":0,"93":4,"94":4,"95":4,"96":4,"97":4,"98":4,"99":4,"100":8,"101":4,"102":8,"103":4,"104":4,"105":8,"106":4,"107":8,"108":12,"109":8,"110":4,"111":4,"112":4,"113":8,"114":8,"115":8,"116":4,"117":4,"118":4,"119":4,"120":4,"121":4,"122":4,"123":4,"124":4,"125":4,"126":4,"127":4,"128":0,"129":0,"130":0,"131":0,"132":0,"133":0,"134":0,"135":0,"136":0,"137":0,"138":0,"139":0,"140":0,"141":0,"142":0,"143":0,"144":0,"145":0,"146":0,"147":0,"148":0,"149":0,"150":0,"151":0,"152":0,"153":0,"154":0,"155":0,"156":0,"157":0},"f":{"0":8,"1":144,"2":8,"3":132,"4":4,"5":4,"6":8,"7":4,"8":4,"9":0,"10":0,"11":0,"12":0,"13":0,"14":4,"15":0,"16":4,"17":0,"18":4,"19":8,"20":0,"21":4,"22":0,"23":0,"24":0,"25":0,"26":8,"27":0,"28":4,"29":8,"30":8,"31":8,"32":8,"33":12,"34":8,"35":8,"36":0},"b":{"0":[1,7],"1":[0,8],"2":[0,8],"3":[4,140],"4":[16,124],"5":[140,131],"6":[0,8],"7":[8,0],"8":[0,0],"9":[0,0],"10":[4,4],"11":[0,0],"12":[4,0],"13":[0,0],"14":[0,0],"15":[0,0],"16":[0,0],"17":[0,0],"18":[0,8],"19":[8,0],"20":[8,8],"21":[8,0],"22":[0,4],"23":[4,4],"24":[0,0],"25":[0,4],"26":[0,8],"27":[8,8],"28":[8,8],"29":[8,0],"30":[8,8],"31":[0,4],"32":[4,4],"33":[4,4],"34":[4,4],"35":[4,4],"36":[4,4],"37":[0,0],"38":[0,0],"39":[0,0],"40":[0,0],"41":[0],"42":[0,0],"43":[0,0,0,0,0,0],"44":[0,0],"45":[0,0],"46":[0,0],"47":[0,0],"48":[0,0],"49":[0,0],"50":[0,0],"51":[0,0]}}
}
