TN:
SF:app\api\auth\login\route.ts
FN:7,POST
FNF:1
FNH:0
FNDA:0,POST
DA:1,0
DA:2,0
DA:5,0
DA:7,0
DA:8,0
DA:9,0
DA:10,0
DA:15,0
DA:16,0
DA:23,0
DA:32,0
DA:36,0
DA:53,0
DA:54,0
LF:14
LH:0
BRDA:5,0,0,0
BRDA:5,0,1,0
BRDA:15,1,0,0
BRDA:15,1,1,0
BRDA:15,2,0,0
BRDA:15,2,1,0
BRF:6
BRH:0
end_of_record
TN:
SF:app\api\btng\bridge\settle\route.ts
FN:21,handleBridgeSettlement
FN:125,storeSettlementRecord
FNF:2
FNH:0
FNDA:0,handleBridgeSettlement
FNDA:0,storeSettlementRecord
DA:1,0
DA:2,0
DA:3,0
DA:4,0
DA:5,0
DA:22,0
DA:23,0
DA:25,0
DA:34,0
DA:37,0
DA:38,0
DA:45,0
DA:46,0
DA:47,0
DA:55,0
DA:56,0
DA:59,0
DA:60,0
DA:64,0
DA:78,0
DA:84,0
DA:85,0
DA:86,0
DA:89,0
DA:91,0
DA:106,0
DA:107,0
DA:109,0
DA:117,0
DA:118,0
DA:127,0
DA:130,0
LF:32
LH:0
BRDA:37,0,0,0
BRDA:37,0,1,0
BRDA:37,1,0,0
BRDA:37,1,1,0
BRDA:37,1,2,0
BRDA:37,1,3,0
BRDA:46,2,0,0
BRDA:46,2,1,0
BRDA:55,3,0,0
BRDA:55,3,1,0
BRDA:68,4,0,0
BRDA:68,4,1,0
BRDA:69,5,0,0
BRDA:69,5,1,0
BRDA:84,6,0,0
BRDA:84,6,1,0
BRF:16
BRH:0
end_of_record
TN:
SF:app\api\btng\explorer\address\[address]\route.ts
FN:5,GET
FNF:1
FNH:0
FNDA:0,GET
DA:1,0
DA:3,0
DA:5,0
DA:9,0
DA:11,0
DA:12,0
DA:13,0
DA:19,0
DA:27,0
DA:28,0
DA:34,0
DA:35,0
DA:37,0
DA:39,0
DA:45,0
LF:15
LH:0
BRDA:12,0,0,0
BRDA:12,0,1,0
BRDA:12,1,0,0
BRDA:12,1,1,0
BRDA:12,1,2,0
BRDA:27,2,0,0
BRDA:27,2,1,0
BRF:7
BRH:0
end_of_record
TN:
SF:app\api\btng\explorer\block\[height]\route.ts
FN:5,GET
FNF:1
FNH:0
FNDA:0,GET
DA:1,0
DA:3,0
DA:5,0
DA:9,0
DA:11,0
DA:12,0
DA:13,0
DA:19,0
DA:27,0
DA:28,0
DA:34,0
DA:35,0
DA:37,0
DA:39,0
DA:46,0
LF:15
LH:0
BRDA:12,0,0,0
BRDA:12,0,1,0
BRDA:12,1,0,0
BRDA:12,1,1,0
BRDA:27,2,0,0
BRDA:27,2,1,0
BRF:6
BRH:0
end_of_record
TN:
SF:app\api\btng\explorer\tx\[hash]\route.ts
FN:5,GET
FNF:1
FNH:0
FNDA:0,GET
DA:1,0
DA:3,0
DA:5,0
DA:9,0
DA:11,0
DA:12,0
DA:13,0
DA:19,0
DA:27,0
DA:28,0
DA:34,0
DA:35,0
DA:37,0
DA:39,0
DA:48,0
LF:15
LH:0
BRDA:12,0,0,0
BRDA:12,0,1,0
BRDA:12,1,0,0
BRDA:12,1,1,0
BRDA:12,1,2,0
BRDA:27,2,0,0
BRDA:27,2,1,0
BRF:7
BRH:0
end_of_record
TN:
SF:app\api\btng\fabric\chaincode\route.ts
FN:23,GET
FN:28,(anonymous_2)
FN:60,handleChaincodeOperation
FN:138,simulateChaincodeInvocation
FN:150,simulateGoldTokenOperation
FN:190,simulateIdentityOperation
FNF:6
FNH:5
FNDA:1,GET
FNDA:2,(anonymous_2)
FNDA:3,handleChaincodeOperation
FNDA:1,simulateChaincodeInvocation
FNDA:1,simulateGoldTokenOperation
FNDA:0,simulateIdentityOperation
DA:1,1
DA:2,1
DA:3,1
DA:5,1
DA:12,1
DA:23,1
DA:24,1
DA:26,1
DA:28,2
DA:35,1
DA:49,0
DA:50,0
DA:61,3
DA:63,3
DA:65,3
DA:66,3
DA:69,3
DA:70,1
DA:77,2
DA:78,2
DA:79,1
DA:86,1
DA:88,1
DA:106,1
DA:114,1
DA:130,0
DA:131,0
DA:140,1
DA:142,1
DA:144,0
DA:146,0
DA:151,1
DA:153,1
DA:154,1
DA:163,0
DA:164,0
DA:172,0
DA:173,0
DA:180,0
DA:186,0
DA:191,0
DA:193,0
DA:194,0
DA:203,0
DA:204,0
DA:212,0
DA:213,0
DA:221,0
DA:222,0
DA:236,0
DA:240,1
LF:51
LH:29
BRDA:66,0,0,0
BRDA:66,1,0,3
BRDA:69,2,0,1
BRDA:69,2,1,2
BRDA:69,3,0,3
BRDA:69,3,1,3
BRDA:78,4,0,1
BRDA:78,4,1,1
BRDA:78,5,0,2
BRDA:78,5,1,2
BRDA:140,6,0,1
BRDA:140,6,1,0
BRDA:140,6,2,0
BRDA:151,7,0,1
BRDA:151,7,1,0
BRDA:151,7,2,0
BRDA:151,7,3,0
BRDA:151,7,4,0
BRDA:191,8,0,0
BRDA:191,8,1,0
BRDA:191,8,2,0
BRDA:191,8,3,0
BRDA:191,8,4,0
BRF:23
BRH:11
end_of_record
TN:
SF:app\api\btng\fabric\network\route.ts
FN:14,GET
FN:54,handleFabricNetworkUpdate
FNF:2
FNH:0
FNDA:0,GET
FNDA:0,handleFabricNetworkUpdate
DA:1,0
DA:2,0
DA:3,0
DA:5,0
DA:14,0
DA:15,0
DA:17,0
DA:19,0
DA:32,0
DA:42,0
DA:43,0
DA:55,0
DA:57,0
DA:59,0
DA:60,0
DA:63,0
DA:64,0
DA:71,0
DA:88,0
DA:95,0
DA:110,0
DA:111,0
DA:118,0
LF:23
LH:0
BRDA:63,0,0,0
BRDA:63,0,1,0
BRDA:73,1,0,0
BRDA:73,1,1,0
BRDA:74,2,0,0
BRDA:74,2,1,0
BRF:6
BRH:0
end_of_record
TN:
SF:app\api\btng\fabric\node\route.ts
FN:18,GET
FNF:1
FNH:0
FNDA:0,GET
DA:1,0
DA:2,0
DA:4,0
DA:18,0
DA:19,0
DA:21,0
DA:23,0
DA:40,0
DA:51,0
DA:52,0
LF:10
LH:0
BRF:0
BRH:0
end_of_record
TN:
SF:app\api\btng\gold\price\route.ts
FN:9,handleGoldPriceUpdate
FNF:1
FNH:1
FNDA:4,handleGoldPriceUpdate
DA:1,1
DA:2,1
DA:3,1
DA:4,1
DA:5,1
DA:10,4
DA:12,4
DA:14,4
DA:27,4
DA:30,4
DA:31,1
DA:38,3
DA:39,1
DA:45,2
DA:59,2
DA:62,2
DA:65,2
DA:66,2
DA:67,1
DA:71,2
DA:79,2
DA:97,0
DA:98,0
DA:105,1
DA:106,1
LF:25
LH:23
BRDA:30,0,0,1
BRDA:30,0,1,3
BRDA:30,1,0,4
BRDA:30,1,1,3
BRDA:30,1,2,3
BRDA:38,2,0,1
BRDA:38,2,1,2
BRDA:38,3,0,3
BRDA:38,3,1,2
BRDA:38,3,2,2
BRDA:46,4,0,2
BRDA:46,4,1,2
BRDA:50,5,0,2
BRDA:50,5,1,1
BRDA:51,6,0,2
BRDA:51,6,1,1
BRDA:52,7,0,2
BRDA:52,7,1,1
BRDA:53,8,0,2
BRDA:53,8,1,1
BRDA:54,9,0,2
BRDA:54,9,1,1
BRDA:55,10,0,2
BRDA:55,10,1,1
BRDA:66,11,0,1
BRDA:66,11,1,1
BRDA:85,12,0,1
BRDA:85,12,1,1
BRDA:92,13,0,1
BRDA:92,13,1,1
BRF:30
BRH:30
end_of_record
TN:
SF:app\api\btng\gold\price\history\route.ts
FN:5,GET
FNF:1
FNH:0
FNDA:0,GET
DA:1,0
DA:2,0
DA:3,0
DA:5,0
DA:6,0
DA:8,0
DA:10,0
DA:11,0
DA:12,0
DA:13,0
DA:17,0
DA:19,0
DA:20,0
DA:22,0
DA:23,0
DA:29,0
DA:32,0
DA:33,0
DA:36,0
DA:50,0
DA:51,0
LF:21
LH:0
BRDA:11,0,0,0
BRDA:11,0,1,0
BRDA:17,1,0,0
BRDA:17,1,1,0
BRDA:17,2,0,0
BRDA:17,2,1,0
BRDA:22,3,0,0
BRDA:22,3,1,0
BRDA:22,4,0,0
BRDA:22,4,1,0
BRF:10
BRH:0
end_of_record
TN:
SF:app\api\btng\gold\price\latest\route.ts
FN:5,GET
FNF:1
FNH:0
FNDA:0,GET
DA:1,0
DA:2,0
DA:3,0
DA:5,0
DA:6,0
DA:8,0
DA:10,0
DA:12,0
DA:13,0
DA:28,0
DA:38,0
DA:39,0
LF:12
LH:0
BRDA:12,0,0,0
BRDA:12,0,1,0
BRF:2
BRH:0
end_of_record
TN:
SF:app\api\btng\gold\price\status\route.ts
FN:6,GET
FNF:1
FNH:0
FNDA:0,GET
DA:1,0
DA:2,0
DA:3,0
DA:4,0
DA:6,0
DA:7,0
DA:9,0
DA:11,0
DA:12,0
DA:14,0
DA:30,0
DA:39,0
DA:40,0
LF:13
LH:0
BRDA:16,0,0,0
BRDA:16,0,1,0
BRDA:25,1,0,0
BRDA:25,1,1,0
BRDA:26,2,0,0
BRDA:26,2,1,0
BRF:6
BRH:0
end_of_record
TN:
SF:app\api\btng\gold\price\test\route.ts
FN:5,GET
FNF:1
FNH:0
FNDA:0,GET
DA:1,0
DA:2,0
DA:3,0
DA:5,0
DA:6,0
DA:8,0
DA:11,0
DA:28,0
DA:31,0
DA:34,0
DA:37,0
DA:39,0
DA:58,0
DA:59,0
LF:14
LH:0
BRDA:41,0,0,0
BRDA:41,0,1,0
BRDA:42,1,0,0
BRDA:42,1,1,0
BRDA:44,2,0,0
BRDA:44,2,1,0
BRF:6
BRH:0
end_of_record
TN:
SF:app\api\btng\health\route.ts
FN:5,GET
FNF:1
FNH:0
FNDA:0,GET
DA:1,0
DA:3,0
DA:5,0
DA:6,0
DA:7,0
DA:16,0
DA:17,0
DA:23,0
DA:24,0
DA:26,0
DA:28,0
LF:11
LH:0
BRDA:16,0,0,0
BRDA:16,0,1,0
BRF:2
BRH:0
end_of_record
TN:
SF:app\api\btng\mining\hashrate\route.ts
FN:5,GET
FNF:1
FNH:0
FNDA:0,GET
DA:1,0
DA:3,0
DA:5,0
DA:6,0
DA:7,0
DA:15,0
DA:16,0
DA:22,0
DA:23,0
DA:25,0
DA:27,0
LF:11
LH:0
BRDA:15,0,0,0
BRDA:15,0,1,0
BRF:2
BRH:0
end_of_record
TN:
SF:app\api\btng\mining\info\route.ts
FN:5,GET
FNF:1
FNH:0
FNDA:0,GET
DA:1,0
DA:3,0
DA:5,0
DA:6,0
DA:7,0
DA:15,0
DA:16,0
DA:22,0
DA:23,0
DA:25,0
DA:27,0
LF:11
LH:0
BRDA:15,0,0,0
BRDA:15,0,1,0
BRF:2
BRH:0
end_of_record
TN:
SF:app\api\btng\oracle\marketcap\route.ts
FN:5,GET
FNF:1
FNH:0
FNDA:0,GET
DA:1,0
DA:3,0
DA:5,0
DA:6,0
DA:7,0
DA:15,0
DA:16,0
DA:22,0
DA:23,0
DA:25,0
DA:27,0
LF:11
LH:0
BRDA:15,0,0,0
BRDA:15,0,1,0
BRF:2
BRH:0
end_of_record
TN:
SF:app\api\btng\oracle\price\route.ts
FN:5,GET
FNF:1
FNH:0
FNDA:0,GET
DA:1,0
DA:3,0
DA:5,0
DA:6,0
DA:7,0
DA:15,0
DA:16,0
DA:22,0
DA:23,0
DA:25,0
DA:27,0
LF:11
LH:0
BRDA:15,0,0,0
BRDA:15,0,1,0
BRF:2
BRH:0
end_of_record
TN:
SF:app\api\btng\pov\verify\route.ts
FN:5,POST
FN:35,(anonymous_1)
FNF:2
FNH:0
FNDA:0,POST
FNDA:0,(anonymous_1)
DA:1,0
DA:3,0
DA:5,0
DA:6,0
DA:7,0
DA:8,0
DA:11,0
DA:12,0
DA:18,0
DA:19,0
DA:25,0
DA:34,0
DA:35,0
DA:36,0
DA:42,0
DA:43,0
DA:45,0
DA:46,0
LF:18
LH:0
BRDA:11,0,0,0
BRDA:11,0,1,0
BRDA:11,1,0,0
BRDA:11,1,1,0
BRDA:11,1,2,0
BRDA:18,2,0,0
BRDA:18,2,1,0
BRDA:34,3,0,0
BRDA:34,3,1,0
BRDA:37,4,0,0
BRDA:37,4,1,0
BRF:11
BRH:0
end_of_record
TN:
SF:app\api\btng\tokens\balance\route.ts
FN:7,handleGetBalance
FNF:1
FNH:0
FNDA:0,handleGetBalance
DA:1,0
DA:2,0
DA:3,0
DA:8,0
DA:9,0
DA:11,0
DA:12,0
DA:18,0
DA:34,0
DA:35,0
DA:42,0
LF:11
LH:0
BRDA:11,0,0,0
BRDA:11,0,1,0
BRDA:21,1,0,0
BRDA:21,1,1,0
BRDA:22,2,0,0
BRDA:22,2,1,0
BRF:6
BRH:0
end_of_record
TN:
SF:app\api\btng\tokens\transfer\route.ts
FN:7,handleTransferTokens
FNF:1
FNH:0
FNDA:0,handleTransferTokens
DA:1,0
DA:2,0
DA:3,0
DA:8,0
DA:9,0
DA:10,0
DA:13,0
DA:14,0
DA:21,0
DA:22,0
DA:23,0
DA:30,0
DA:31,0
DA:37,0
DA:39,0
DA:40,0
DA:46,0
DA:64,0
DA:65,0
DA:72,0
LF:20
LH:0
BRDA:13,0,0,0
BRDA:13,0,1,0
BRDA:13,1,0,0
BRDA:13,1,1,0
BRDA:22,2,0,0
BRDA:22,2,1,0
BRDA:22,3,0,0
BRDA:22,3,1,0
BRDA:30,4,0,0
BRDA:30,4,1,0
BRDA:39,5,0,0
BRDA:39,5,1,0
BRDA:59,6,0,0
BRDA:59,6,1,0
BRF:14
BRH:0
end_of_record
TN:
SF:app\api\btng\wallet\balance\[address]\route.ts
FN:5,GET
FNF:1
FNH:0
FNDA:0,GET
DA:1,0
DA:3,0
DA:5,0
DA:9,0
DA:11,0
DA:12,0
DA:13,0
DA:19,0
DA:27,0
DA:28,0
DA:34,0
DA:35,0
DA:37,0
DA:39,0
LF:14
LH:0
BRDA:12,0,0,0
BRDA:12,0,1,0
BRDA:12,1,0,0
BRDA:12,1,1,0
BRDA:12,1,2,0
BRDA:27,2,0,0
BRDA:27,2,1,0
BRF:7
BRH:0
end_of_record
TN:
SF:app\api\btng\wallet\send\route.ts
FN:5,POST
FN:42,(anonymous_1)
FNF:2
FNH:0
FNDA:0,POST
FNDA:0,(anonymous_1)
DA:1,0
DA:3,0
DA:5,0
DA:6,0
DA:7,0
DA:8,0
DA:11,0
DA:12,0
DA:18,0
DA:19,0
DA:25,0
DA:26,0
DA:32,0
DA:41,0
DA:42,0
DA:43,0
DA:49,0
DA:50,0
DA:52,0
DA:53,0
LF:20
LH:0
BRDA:11,0,0,0
BRDA:11,0,1,0
BRDA:11,1,0,0
BRDA:11,1,1,0
BRDA:11,1,2,0
BRDA:11,1,3,0
BRDA:18,2,0,0
BRDA:18,2,1,0
BRDA:18,3,0,0
BRDA:18,3,1,0
BRDA:25,4,0,0
BRDA:25,4,1,0
BRDA:25,5,0,0
BRDA:25,5,1,0
BRDA:41,6,0,0
BRDA:41,6,1,0
BRDA:44,7,0,0
BRDA:44,7,1,0
BRF:18
BRH:0
end_of_record
TN:
SF:app\api\btng\wallet\transactions\[address]\route.ts
FN:5,GET
FNF:1
FNH:0
FNDA:0,GET
DA:1,0
DA:3,0
DA:5,0
DA:9,0
DA:11,0
DA:12,0
DA:13,0
DA:19,0
DA:27,0
DA:28,0
DA:34,0
DA:35,0
DA:37,0
DA:39,0
DA:49,0
LF:15
LH:0
BRDA:12,0,0,0
BRDA:12,0,1,0
BRDA:12,1,0,0
BRDA:12,1,1,0
BRDA:12,1,2,0
BRDA:27,2,0,0
BRDA:27,2,1,0
BRF:7
BRH:0
end_of_record
TN:
SF:app\api\dashboard\imperial-reserve\route.ts
FN:28,getImperialReserveData
FN:80,GET
FNF:2
FNH:2
FNDA:2,getImperialReserveData
FNDA:2,GET
DA:1,1
DA:2,1
DA:3,1
DA:4,1
DA:30,2
DA:31,2
DA:33,2
DA:34,2
DA:35,2
DA:36,2
DA:38,2
DA:40,10
DA:41,10
DA:42,10
DA:43,10
DA:44,10
DA:46,10
DA:57,10
DA:58,8
DA:59,8
DA:60,8
DA:61,8
DA:66,2
DA:68,2
DA:80,1
DA:81,2
DA:82,2
DA:84,2
DA:85,2
DA:87,2
DA:107,0
DA:108,0
LF:32
LH:30
BRDA:41,0,0,8
BRDA:41,0,1,2
BRDA:42,1,0,8
BRDA:42,1,1,2
BRDA:43,2,0,8
BRDA:43,2,1,2
BRDA:44,3,0,8
BRDA:44,3,1,2
BRDA:53,4,0,8
BRDA:53,4,1,2
BRDA:57,5,0,8
BRDA:57,5,1,2
BRDA:66,6,0,2
BRDA:66,6,1,0
BRDA:89,7,0,2
BRDA:89,7,1,0
BRF:16
BRH:14
end_of_record
TN:
SF:app\api\gold-coin\route.ts
FN:62,(anonymous_0)
FN:67,(anonymous_1)
FN:69,GET
FN:77,(anonymous_3)
FN:78,(anonymous_4)
FNF:5
FNH:0
FNDA:0,(anonymous_0)
FNDA:0,(anonymous_1)
FNDA:0,GET
FNDA:0,(anonymous_3)
FNDA:0,(anonymous_4)
DA:1,0
DA:4,0
DA:62,0
DA:67,0
DA:69,0
DA:70,0
DA:71,0
DA:77,0
DA:78,0
DA:83,0
LF:10
LH:0
BRF:0
BRH:0
end_of_record
TN:
SF:app\api\health\route.ts
FN:3,GET
FNF:1
FNH:1
FNDA:1,GET
DA:1,1
DA:3,1
DA:4,1
DA:38,1
LF:4
LH:4
BRF:0
BRH:0
end_of_record
TN:
SF:app\api\identity\create\route.ts
FN:5,POST
FNF:1
FNH:1
FNDA:2,POST
DA:1,1
DA:2,1
DA:5,1
DA:6,2
DA:7,2
DA:8,2
DA:11,2
DA:14,2
DA:25,2
DA:27,2
DA:28,1
DA:35,1
DA:37,1
DA:54,0
DA:55,0
LF:15
LH:13
BRDA:8,0,0,1
BRDA:27,1,0,1
BRDA:27,1,1,1
BRF:3
BRH:3
end_of_record
TN:
SF:app\api\merchant\deployment-package\route.ts
FN:3,GET
FNF:1
FNH:1
FNDA:1,GET
DA:1,1
DA:3,1
DA:4,1
DA:30,1
LF:4
LH:4
BRDA:10,0,0,1
BRDA:10,0,1,1
BRDA:11,1,0,1
BRDA:11,1,1,1
BRDA:12,2,0,1
BRDA:12,2,1,1
BRDA:13,3,0,1
BRDA:13,3,1,1
BRF:8
BRH:8
end_of_record
TN:
SF:app\api\pov\route.ts
FN:8,GET
FN:42,POST
FN:121,PUT
FNF:3
FNH:0
FNDA:0,GET
FNDA:0,POST
FNDA:0,PUT
DA:1,0
DA:2,0
DA:8,0
DA:9,0
DA:10,0
DA:11,0
DA:13,0
DA:14,0
DA:22,0
DA:24,0
DA:31,0
DA:32,0
DA:42,0
DA:43,0
DA:44,0
DA:51,0
DA:54,0
DA:55,0
DA:62,0
DA:63,0
DA:64,0
DA:71,0
DA:74,0
DA:85,0
DA:88,0
DA:90,0
DA:91,0
DA:97,0
DA:110,0
DA:111,0
DA:121,0
DA:122,0
DA:123,0
DA:124,0
DA:126,0
DA:127,0
DA:135,0
DA:137,0
DA:145,0
DA:146,0
LF:40
LH:0
BRDA:13,0,0,0
BRDA:13,0,1,0
BRDA:54,1,0,0
BRDA:54,1,1,0
BRDA:54,2,0,0
BRDA:54,2,1,0
BRDA:54,2,2,0
BRDA:54,2,3,0
BRDA:63,3,0,0
BRDA:63,3,1,0
BRDA:80,4,0,0
BRDA:80,4,1,0
BRDA:90,5,0,0
BRDA:90,5,1,0
BRDA:126,6,0,0
BRDA:126,6,1,0
BRF:16
BRH:0
end_of_record
TN:
SF:app\api\verify\snapshot\route.ts
FN:7,sortKeysRecursively
FN:9,(anonymous_1)
FN:16,(anonymous_2)
FN:25,toCanonicalJson
FN:29,hashSnapshot
FN:33,verifySignature
FN:40,GET
FNF:7
FNH:0
FNDA:0,sortKeysRecursively
FNDA:0,(anonymous_1)
FNDA:0,(anonymous_2)
FNDA:0,toCanonicalJson
FNDA:0,hashSnapshot
FNDA:0,verifySignature
FNDA:0,GET
DA:1,0
DA:2,0
DA:3,0
DA:5,0
DA:8,0
DA:9,0
DA:12,0
DA:13,0
DA:14,0
DA:17,0
DA:19,0
DA:22,0
DA:26,0
DA:30,0
DA:34,0
DA:35,0
DA:36,0
DA:37,0
DA:40,0
DA:41,0
DA:42,0
DA:44,0
DA:45,0
DA:48,0
DA:53,0
DA:54,0
DA:65,0
DA:67,0
DA:68,0
DA:78,0
DA:79,0
DA:89,0
DA:96,0
DA:97,0
DA:98,0
DA:100,0
DA:101,0
DA:102,0
DA:110,0
DA:112,0
DA:134,0
DA:135,0
LF:42
LH:0
BRDA:8,0,0,0
BRDA:8,0,1,0
BRDA:12,1,0,0
BRDA:12,1,1,0
BRDA:12,2,0,0
BRDA:12,2,1,0
BRDA:42,3,0,0
BRDA:42,3,1,0
BRDA:42,3,2,0
BRDA:53,4,0,0
BRDA:53,4,1,0
BRDA:67,5,0,0
BRDA:67,5,1,0
BRDA:71,6,0,0
BRDA:71,6,1,0
BRDA:78,7,0,0
BRDA:78,7,1,0
BRDA:100,8,0,0
BRDA:100,8,1,0
BRDA:103,9,0,0
BRDA:103,9,1,0
BRDA:103,9,2,0
BRDA:103,9,3,0
BRDA:103,9,4,0
BRDA:114,10,0,0
BRDA:114,10,1,0
BRDA:129,11,0,0
BRDA:129,11,1,0
BRF:28
BRH:0
end_of_record
TN:
SF:app\api\wallet\transaction\route.ts
FN:4,POST
FN:52,generateProofHash
FNF:2
FNH:0
FNDA:0,POST
FNDA:0,generateProofHash
DA:1,0
DA:4,0
DA:5,0
DA:6,0
DA:7,0
DA:10,0
DA:11,0
DA:18,0
DA:31,0
DA:33,0
DA:44,0
DA:45,0
DA:54,0
DA:55,0
LF:14
LH:0
BRDA:7,0,0,0
BRDA:10,1,0,0
BRDA:10,1,1,0
BRDA:10,2,0,0
BRDA:10,2,1,0
BRDA:10,2,2,0
BRDA:10,2,3,0
BRF:7
BRH:0
end_of_record
TN:
SF:app\api\watchtower\meta\route.ts
FN:6,GET
FNF:1
FNH:0
FNDA:0,GET
DA:1,0
DA:2,0
DA:4,0
DA:6,0
DA:7,0
DA:9,0
LF:6
LH:0
BRDA:22,0,0,0
BRDA:22,0,1,0
BRDA:23,1,0,0
BRDA:23,1,1,0
BRDA:24,2,0,0
BRDA:24,2,1,0
BRDA:25,3,0,0
BRDA:25,3,1,0
BRDA:26,4,0,0
BRDA:26,4,1,0
BRF:10
BRH:0
end_of_record
TN:
SF:app\api\watchtower\nodes\route.ts
FN:80,getRegistryState
FN:100,sortKeysRecursively
FN:102,(anonymous_2)
FN:109,(anonymous_3)
FN:118,toCanonicalJson
FN:122,hashSnapshot
FN:126,loadKeyFromEnvOrFile
FN:145,getWatchtowerPublicKey
FN:149,getWatchtowerPrivateKey
FN:153,toUnixSeconds
FN:157,normalizeRegistrationPayload
FN:167,serializeRegistrationPayload
FN:183,verifyNodeSignature
FN:190,signSnapshot
FN:197,isDocumentationIdentityEnforcementEnabled
FN:201,getDocumentationIdentityErrorMessage
FN:205,getRegisteredNodes
FN:207,(anonymous_17)
FN:216,mergeNodes
FN:218,(anonymous_19)
FN:219,(anonymous_20)
FN:223,normalizeNodesFromEnv
FN:231,(anonymous_22)
FN:233,(anonymous_23)
FN:234,(anonymous_24)
FN:249,(anonymous_25)
FN:254,readNodePulse
FN:257,(anonymous_27)
FN:308,GET
FN:342,(anonymous_29)
FN:343,(anonymous_30)
FN:346,(anonymous_31)
FN:350,(anonymous_32)
FN:350,(anonymous_33)
FN:351,(anonymous_34)
FN:356,(anonymous_35)
FN:448,POST
FNF:37
FNH:23
FNDA:8,getRegistryState
FNDA:144,sortKeysRecursively
FNDA:8,(anonymous_2)
FNDA:132,(anonymous_3)
FNDA:4,toCanonicalJson
FNDA:4,hashSnapshot
FNDA:8,loadKeyFromEnvOrFile
FNDA:4,getWatchtowerPublicKey
FNDA:4,getWatchtowerPrivateKey
FNDA:0,toUnixSeconds
FNDA:0,normalizeRegistrationPayload
FNDA:0,serializeRegistrationPayload
FNDA:0,verifyNodeSignature
FNDA:0,signSnapshot
FNDA:4,isDocumentationIdentityEnforcementEnabled
FNDA:0,getDocumentationIdentityErrorMessage
FNDA:4,getRegisteredNodes
FNDA:0,(anonymous_17)
FNDA:4,mergeNodes
FNDA:8,(anonymous_19)
FNDA:0,(anonymous_20)
FNDA:4,normalizeNodesFromEnv
FNDA:0,(anonymous_22)
FNDA:0,(anonymous_23)
FNDA:0,(anonymous_24)
FNDA:0,(anonymous_25)
FNDA:8,readNodePulse
FNDA:0,(anonymous_27)
FNDA:4,GET
FNDA:8,(anonymous_29)
FNDA:8,(anonymous_30)
FNDA:8,(anonymous_31)
FNDA:8,(anonymous_32)
FNDA:12,(anonymous_33)
FNDA:8,(anonymous_34)
FNDA:8,(anonymous_35)
FNDA:0,POST
DA:1,1
DA:2,1
DA:3,1
DA:4,1
DA:5,1
DA:7,1
DA:61,1
DA:78,1
DA:81,8
DA:82,1
DA:89,8
DA:90,0
DA:93,8
DA:94,0
DA:97,8
DA:101,144
DA:102,8
DA:105,140
DA:106,16
DA:107,16
DA:110,132
DA:112,16
DA:115,124
DA:119,4
DA:123,4
DA:127,8
DA:128,8
DA:129,0
DA:132,8
DA:133,8
DA:134,8
DA:137,0
DA:138,0
DA:139,0
DA:141,0
DA:146,4
DA:150,4
DA:154,0
DA:158,0
DA:174,0
DA:184,0
DA:185,0
DA:186,0
DA:187,0
DA:191,0
DA:192,0
DA:193,0
DA:194,0
DA:198,4
DA:202,0
DA:206,4
DA:207,4
DA:217,4
DA:218,8
DA:219,4
DA:220,4
DA:224,4
DA:225,4
DA:226,4
DA:229,0
DA:231,0
DA:234,0
DA:235,0
DA:236,0
DA:239,0
DA:241,0
DA:249,0
DA:251,0
DA:255,8
DA:256,8
DA:257,8
DA:259,8
DA:260,8
DA:269,8
DA:271,8
DA:272,0
DA:275,8
DA:276,8
DA:277,8
DA:281,8
DA:293,0
DA:294,0
DA:308,1
DA:309,4
DA:310,4
DA:311,0
DA:333,4
DA:334,4
DA:335,4
DA:336,4
DA:337,4
DA:338,4
DA:342,8
DA:343,8
DA:344,4
DA:345,4
DA:346,8
DA:349,4
DA:350,12
DA:351,8
DA:353,4
DA:354,4
DA:356,4
DA:357,8
DA:358,8
DA:360,8
DA:376,4
DA:377,4
DA:390,4
DA:391,4
DA:392,4
DA:394,4
DA:401,4
DA:402,4
DA:403,4
DA:405,4
DA:406,4
DA:408,4
DA:448,1
DA:449,0
DA:450,0
DA:451,0
DA:468,0
DA:469,0
DA:470,0
DA:480,0
DA:481,0
DA:483,0
DA:492,0
DA:503,0
DA:505,0
DA:506,0
DA:515,0
DA:519,0
DA:520,0
DA:521,0
DA:522,0
DA:531,0
DA:532,0
DA:533,0
DA:534,0
DA:543,0
DA:551,0
DA:552,0
DA:553,0
DA:562,0
DA:563,0
DA:575,0
DA:577,0
LF:149
LH:87
BRDA:81,0,0,1
BRDA:81,0,1,7
BRDA:89,1,0,0
BRDA:89,1,1,8
BRDA:93,2,0,0
BRDA:93,2,1,8
BRDA:101,3,0,4
BRDA:101,3,1,140
BRDA:105,4,0,16
BRDA:105,4,1,124
BRDA:105,5,0,140
BRDA:105,5,1,131
BRDA:128,6,0,0
BRDA:128,6,1,8
BRDA:133,7,0,8
BRDA:133,7,1,0
BRDA:137,8,0,0
BRDA:137,8,1,0
BRDA:154,9,0,0
BRDA:154,9,1,0
BRDA:198,10,0,4
BRDA:198,10,1,4
BRDA:202,11,0,0
BRDA:202,11,1,0
BRDA:225,12,0,4
BRDA:225,12,1,0
BRDA:235,13,0,0
BRDA:235,13,1,0
BRDA:235,14,0,0
BRDA:235,14,1,0
BRDA:239,15,0,0
BRDA:239,15,1,0
BRDA:245,16,0,0
BRDA:245,16,1,0
BRDA:251,17,0,0
BRDA:251,17,1,0
BRDA:271,18,0,0
BRDA:271,18,1,8
BRDA:277,19,0,8
BRDA:277,19,1,0
BRDA:277,20,0,8
BRDA:277,20,1,8
BRDA:289,21,0,8
BRDA:289,21,1,0
BRDA:310,22,0,0
BRDA:310,22,1,4
BRDA:310,23,0,4
BRDA:310,23,1,4
BRDA:320,24,0,0
BRDA:320,24,1,0
BRDA:338,25,0,0
BRDA:338,25,1,4
BRDA:346,26,0,0
BRDA:346,26,1,8
BRDA:362,27,0,8
BRDA:362,27,1,8
BRDA:363,28,0,8
BRDA:363,28,1,8
BRDA:363,29,0,8
BRDA:363,29,1,0
BRDA:364,30,0,8
BRDA:364,30,1,8
BRDA:403,31,0,0
BRDA:403,31,1,4
BRDA:432,32,0,4
BRDA:432,32,1,4
BRDA:433,33,0,4
BRDA:433,33,1,4
BRDA:434,34,0,4
BRDA:434,34,1,4
BRDA:435,35,0,4
BRDA:435,35,1,4
BRDA:436,36,0,4
BRDA:436,36,1,4
BRDA:450,37,0,0
BRDA:450,37,1,0
BRDA:450,38,0,0
BRDA:450,38,1,0
BRDA:460,39,0,0
BRDA:460,39,1,0
BRDA:469,40,0,0
BRDA:469,40,1,0
BRDA:500,41,0,0
BRDA:505,42,0,0
BRDA:505,42,1,0
BRDA:505,43,0,0
BRDA:505,43,1,0
BRDA:505,43,2,0
BRDA:505,43,3,0
BRDA:505,43,4,0
BRDA:505,43,5,0
BRDA:515,44,0,0
BRDA:515,44,1,0
BRDA:521,45,0,0
BRDA:521,45,1,0
BRDA:533,46,0,0
BRDA:533,46,1,0
BRDA:533,47,0,0
BRDA:533,47,1,0
BRDA:552,48,0,0
BRDA:552,48,1,0
BRDA:562,49,0,0
BRDA:562,49,1,0
BRDA:565,50,0,0
BRDA:565,50,1,0
BRDA:567,51,0,0
BRDA:567,51,1,0
BRF:107
BRH:43
end_of_record
